#
# There is insufficient memory for the Java Runtime Environment to continue.
# Native memory allocation (malloc) failed to allocate 1236336 bytes for Chunk::new
# Possible reasons:
#   The system is out of physical RAM or swap space
#   The process is running with CompressedOops enabled, and the Java Heap may be blocking the growth of the native heap
# Possible solutions:
#   Reduce memory load on the system
#   Increase physical memory or swap space
#   Check if swap backing store is full
#   Decrease Java heap size (-Xmx/-Xms)
#   Decrease number of Java threads
#   Decrease Java thread stack sizes (-Xss)
#   Set larger code cache with -XX:ReservedCodeCacheSize=
#   JVM is running with Unscaled Compressed Oops mode in which the Java heap is
#     placed in the first 4GB address space. The Java Heap base address is the
#     maximum limit for the native heap growth. Please use -XX:HeapBaseMinAddress
#     to set the Java Heap base and to place the Java Heap above 4GB virtual address.
# This output file may be truncated or incomplete.
#
#  Out of Memory Error (./src/hotspot/share/memory/arena.cpp:197), pid=17548, tid=20136
#
# JRE version: OpenJDK Runtime Environment (11.0.11+9) (build 11.0.11+9-b60-7590822)
# Java VM: OpenJDK 64-Bit Server VM (11.0.11+9-b60-7590822, mixed mode, tiered, compressed oops, g1 gc, windows-amd64)
# No core dump will be written. Minidumps are not enabled by default on client versions of Windows
#

---------------  S U M M A R Y ------------

Command Line: --add-opens=java.base/java.util=ALL-UNNAMED --add-opens=java.base/java.lang=ALL-UNNAMED --add-opens=java.base/java.lang.invoke=ALL-UNNAMED --add-opens=java.base/java.util=ALL-UNNAMED --add-opens=java.prefs/java.util.prefs=ALL-UNNAMED --add-opens=java.prefs/java.util.prefs=ALL-UNNAMED --add-opens=java.base/java.nio.charset=ALL-UNNAMED --add-opens=java.base/java.net=ALL-UNNAMED --add-opens=java.base/java.util.concurrent.atomic=ALL-UNNAMED -Xmx2048m -Dfile.encoding=UTF-8 -Duser.country=IN -Duser.language=en -Duser.variant org.gradle.launcher.daemon.bootstrap.GradleDaemon 7.2

Host: Intel(R) Core(TM) i3-1005G1 CPU @ 1.20GHz, 4 cores, 3G,  Windows 10 , 64 bit Build 19041 (10.0.19041.207)
Time: Tue May 10 11:39:12 2022 India Standard Time elapsed time: 4857.645449 seconds (0d 1h 20m 57s)

---------------  T H R E A D  ---------------

Current thread (0x0000027ab7781000):  JavaThread "C2 CompilerThread0" daemon [_thread_in_native, id=20136, stack(0x000000ff69400000,0x000000ff69500000)]


Current CompileTask:
C2:4857645 26826       4       org.gradle.execution.plan.DefaultPlanExecutor$ExecutorWorker$$Lambda$771/0x0000000100aa2040::transform (24 bytes)

Stack: [0x000000ff69400000,0x000000ff69500000]
Native frames: (J=compiled Java code, j=interpreted, Vv=VM code, C=native code)
V  [jvm.dll+0x5f214a]
V  [jvm.dll+0x726fb5]
V  [jvm.dll+0x7285cd]
V  [jvm.dll+0x728c83]
V  [jvm.dll+0x243278]
V  [jvm.dll+0xbc53c]
V  [jvm.dll+0xbca3c]
V  [jvm.dll+0x353e3b]
V  [jvm.dll+0x321893]
V  [jvm.dll+0x320d8a]
V  [jvm.dll+0x1fc1e2]
V  [jvm.dll+0x1fb3d4]
V  [jvm.dll+0x183d6c]
V  [jvm.dll+0x209a57]
V  [jvm.dll+0x2082a1]
V  [jvm.dll+0x6ef58f]
V  [jvm.dll+0x6e80b5]
V  [jvm.dll+0x5f1036]
C  [ucrtbase.dll+0x21542]
C  [KERNEL32.DLL+0x16fd4]
C  [ntdll.dll+0x4cec1]


---------------  P R O C E S S  ---------------

Threads class SMR info:
_java_thread_list=0x0000027ac2d78790, length=87, elements={
0x0000027a9d3ec000, 0x0000027ab771a000, 0x0000027ab7724000, 0x0000027ab7777000,
0x0000027ab7779800, 0x0000027ab777b000, 0x0000027ab7781000, 0x0000027ab7784000,
0x0000027ab7788800, 0x0000027ab8210000, 0x0000027ab9568000, 0x0000027ab9414800,
0x0000027ab8dd9800, 0x0000027ab9c36000, 0x0000027ab9c33800, 0x0000027ab9c30800,
0x0000027ab9c32000, 0x0000027ab9c34800, 0x0000027aba4f8000, 0x0000027aba4fa800,
0x0000027aba4fc000, 0x0000027aba4fe800, 0x0000027aba4fd800, 0x0000027abae3e000,
0x0000027abae3b800, 0x0000027ab856e000, 0x0000027abe9a5800, 0x0000027aba4fd000,
0x0000027aba500000, 0x0000027ab9c32800, 0x0000027ab9c37000, 0x0000027ab9c35000,
0x0000027ab9c31000, 0x0000027ab856d000, 0x0000027ab856a000, 0x0000027ab8567800,
0x0000027ab856b800, 0x0000027ab8569000, 0x0000027ab856c800, 0x0000027ab856a800,
0x0000027ab8568800, 0x0000027ab8571800, 0x0000027ab8573000, 0x0000027ab8574800,
0x0000027ab8570800, 0x0000027ab856f000, 0x0000027ab8572000, 0x0000027ab8573800,
0x0000027ab8575800, 0x0000027ab856f800, 0x0000027ab8576000, 0x0000027ac15b0800,
0x0000027ac15ab800, 0x0000027ac15ac000, 0x0000027ac15ae000, 0x0000027ac15ae800,
0x0000027ac15aa800, 0x0000027ac15b3800, 0x0000027ac15b7000, 0x0000027ac15b4800,
0x0000027ac15b2800, 0x0000027ac15b2000, 0x0000027ac15b1000, 0x0000027ac15b5000,
0x0000027ac15b7800, 0x0000027ac15b6000, 0x0000027ac15b8800, 0x0000027ac15b9800,
0x0000027abae37800, 0x0000027abae34000, 0x0000027abae33800, 0x0000027abae35800,
0x0000027abae3a000, 0x0000027abae38000, 0x0000027abae39000, 0x0000027abae3a800,
0x0000027abae35000, 0x0000027abae3c800, 0x0000027abae36800, 0x0000027abae3f800,
0x0000027abae3d000, 0x0000027abae41000, 0x0000027abae42000, 0x0000027abe9a5000,
0x0000027abe9a7800, 0x0000027abe9a8000, 0x0000027abe9a9000
}

Java Threads: ( => current thread )
  0x0000027a9d3ec000 JavaThread "main" [_thread_blocked, id=6792, stack(0x000000ff68800000,0x000000ff68900000)]
  0x0000027ab771a000 JavaThread "Reference Handler" daemon [_thread_blocked, id=16404, stack(0x000000ff68f00000,0x000000ff69000000)]
  0x0000027ab7724000 JavaThread "Finalizer" daemon [_thread_blocked, id=10372, stack(0x000000ff69000000,0x000000ff69100000)]
  0x0000027ab7777000 JavaThread "Signal Dispatcher" daemon [_thread_blocked, id=19672, stack(0x000000ff69100000,0x000000ff69200000)]
  0x0000027ab7779800 JavaThread "Attach Listener" daemon [_thread_blocked, id=2764, stack(0x000000ff69200000,0x000000ff69300000)]
  0x0000027ab777b000 JavaThread "Service Thread" daemon [_thread_blocked, id=1276, stack(0x000000ff69300000,0x000000ff69400000)]
=>0x0000027ab7781000 JavaThread "C2 CompilerThread0" daemon [_thread_in_native, id=20136, stack(0x000000ff69400000,0x000000ff69500000)]
  0x0000027ab7784000 JavaThread "C1 CompilerThread0" daemon [_thread_blocked, id=19240, stack(0x000000ff69500000,0x000000ff69600000)]
  0x0000027ab7788800 JavaThread "Sweeper thread" daemon [_thread_blocked, id=10696, stack(0x000000ff69600000,0x000000ff69700000)]
  0x0000027ab8210000 JavaThread "Common-Cleaner" daemon [_thread_blocked, id=19460, stack(0x000000ff69700000,0x000000ff69800000)]
  0x0000027ab9568000 JavaThread "Daemon health stats" [_thread_blocked, id=11668, stack(0x000000ff69a00000,0x000000ff69b00000)]
  0x0000027ab9414800 JavaThread "Incoming local TCP Connector on port 54431" [_thread_in_native, id=11824, stack(0x000000ff69b00000,0x000000ff69c00000)]
  0x0000027ab8dd9800 JavaThread "Daemon periodic checks" [_thread_blocked, id=15596, stack(0x000000ff69c00000,0x000000ff69d00000)]
  0x0000027ab9c36000 JavaThread "Cache worker for journal cache (C:\Users\shubh\.gradle\caches\journal-1)" [_thread_blocked, id=7304, stack(0x000000ff6a600000,0x000000ff6a700000)]
  0x0000027ab9c33800 JavaThread "File lock request listener" [_thread_in_native, id=17156, stack(0x000000ff6a700000,0x000000ff6a800000)]
  0x0000027ab9c30800 JavaThread "Cache worker for file hash cache (C:\Users\shubh\.gradle\caches\7.2\fileHashes)" [_thread_blocked, id=18636, stack(0x000000ff6a800000,0x000000ff6a900000)]
  0x0000027ab9c32000 JavaThread "File watcher server" daemon [_thread_in_native, id=11524, stack(0x000000ff6aa00000,0x000000ff6ab00000)]
  0x0000027ab9c34800 JavaThread "File watcher consumer" daemon [_thread_blocked, id=18836, stack(0x000000ff6ab00000,0x000000ff6ac00000)]
  0x0000027aba4f8000 JavaThread "Cache worker for execution history cache (C:\Users\shubh\.gradle\caches\7.2\executionHistory)" [_thread_blocked, id=15648, stack(0x000000ff6af00000,0x000000ff6b000000)]
  0x0000027aba4fa800 JavaThread "jar transforms" [_thread_blocked, id=19828, stack(0x000000ff6b000000,0x000000ff6b100000)]
  0x0000027aba4fc000 JavaThread "Cache worker for file content cache (C:\Users\shubh\.gradle\caches\7.2\fileContent)" [_thread_blocked, id=19576, stack(0x000000ff6b100000,0x000000ff6b200000)]
  0x0000027aba4fe800 JavaThread "jar transforms Thread 2" [_thread_blocked, id=18356, stack(0x000000ff6b200000,0x000000ff6b300000)]
  0x0000027aba4fd800 JavaThread "jar transforms Thread 3" [_thread_blocked, id=19924, stack(0x000000ff6b400000,0x000000ff6b500000)]
  0x0000027abae3e000 JavaThread "jar transforms Thread 4" [_thread_blocked, id=17656, stack(0x000000ff6de00000,0x000000ff6df00000)]
  0x0000027abae3b800 JavaThread "Memory manager" [_thread_blocked, id=18964, stack(0x000000ff6df00000,0x000000ff6e000000)]
  0x0000027ab856e000 JavaThread "Cache worker for Java compile cache (C:\Users\shubh\.gradle\caches\7.2\javaCompile)" [_thread_blocked, id=19744, stack(0x000000ff6e500000,0x000000ff6e600000)]
  0x0000027abe9a5800 JavaThread "ForkJoinPool.commonPool-worker-7" daemon [_thread_blocked, id=4324, stack(0x000000ff6f000000,0x000000ff6f100000)]
  0x0000027aba4fd000 JavaThread "Daemon Thread 11" [_thread_blocked, id=9628, stack(0x000000ff68500000,0x000000ff68600000)]
  0x0000027aba500000 JavaThread "Daemon worker Thread 11" [_thread_in_Java, id=16492, stack(0x000000ff69d00000,0x000000ff69e00000)]
  0x0000027ab9c32800 JavaThread "ForkJoinPool.commonPool-worker-5" daemon [_thread_blocked, id=19640, stack(0x000000ff6ee00000,0x000000ff6ef00000)]
  0x0000027ab9c37000 JavaThread "ForkJoinPool.commonPool-worker-1" daemon [_thread_blocked, id=20372, stack(0x000000ff6ef00000,0x000000ff6f000000)]
  0x0000027ab9c35000 JavaThread "Handler for socket connection from /127.0.0.1:54431 to /127.0.0.1:51400" [_thread_in_native, id=17144, stack(0x000000ff68600000,0x000000ff68700000)]
  0x0000027ab9c31000 JavaThread "Cancel handler" [_thread_blocked, id=16112, stack(0x000000ff68700000,0x000000ff68800000)]
  0x0000027ab856d000 JavaThread "Asynchronous log dispatcher for DefaultDaemonConnection: socket connection from /127.0.0.1:54431 to /127.0.0.1:51400" [_thread_blocked, id=5020, stack(0x000000ff69e00000,0x000000ff69f00000)]
  0x0000027ab856a000 JavaThread "Stdin handler" [_thread_blocked, id=10604, stack(0x000000ff69f00000,0x000000ff6a000000)]
  0x0000027ab8567800 JavaThread "Daemon client event forwarder" [_thread_blocked, id=1428, stack(0x000000ff6a000000,0x000000ff6a100000)]
  0x0000027ab856b800 JavaThread "Cache worker for file hash cache (C:\Users\shubh\AndroidStudioProjects\Medi3\.gradle\7.2\fileHashes)" [_thread_blocked, id=4940, stack(0x000000ff6a100000,0x000000ff6a200000)]
  0x0000027ab8569000 JavaThread "Cache worker for checksums cache (C:\Users\shubh\AndroidStudioProjects\Medi3\.gradle\checksums)" [_thread_blocked, id=18428, stack(0x000000ff6a200000,0x000000ff6a300000)]
  0x0000027ab856c800 JavaThread "Cache worker for cache directory md-supplier (C:\Users\shubh\.gradle\caches\7.2\md-supplier)" [_thread_blocked, id=2932, stack(0x000000ff6a300000,0x000000ff6a400000)]
  0x0000027ab856a800 JavaThread "Cache worker for cache directory md-rule (C:\Users\shubh\.gradle\caches\7.2\md-rule)" [_thread_blocked, id=16340, stack(0x000000ff6a900000,0x000000ff6aa00000)]
  0x0000027ab8568800 JavaThread "Cache worker for dependencies-accessors (C:\Users\shubh\AndroidStudioProjects\Medi3\.gradle\7.2\dependencies-accessors)" [_thread_blocked, id=20204, stack(0x000000ff6ac00000,0x000000ff6ad00000)]
  0x0000027ab8571800 JavaThread "Cache worker for Build Output Cleanup Cache (C:\Users\shubh\AndroidStudioProjects\Medi3\.gradle\buildOutputCleanup)" [_thread_blocked, id=1884, stack(0x000000ff6ad00000,0x000000ff6ae00000)]
  0x0000027ab8573000 JavaThread "Unconstrained build operations" [_thread_blocked, id=16960, stack(0x000000ff6ae00000,0x000000ff6af00000)]
  0x0000027ab8574800 JavaThread "Unconstrained build operations Thread 2" [_thread_blocked, id=4116, stack(0x000000ff6b300000,0x000000ff6b400000)]
  0x0000027ab8570800 JavaThread "Unconstrained build operations Thread 3" [_thread_blocked, id=3344, stack(0x000000ff6b500000,0x000000ff6b600000)]
  0x0000027ab856f000 JavaThread "Unconstrained build operations Thread 4" [_thread_blocked, id=1708, stack(0x000000ff6b600000,0x000000ff6b700000)]
  0x0000027ab8572000 JavaThread "Unconstrained build operations Thread 5" [_thread_blocked, id=4364, stack(0x000000ff6b700000,0x000000ff6b800000)]
  0x0000027ab8573800 JavaThread "Unconstrained build operations Thread 6" [_thread_blocked, id=10672, stack(0x000000ff6b800000,0x000000ff6b900000)]
  0x0000027ab8575800 JavaThread "Unconstrained build operations Thread 7" [_thread_blocked, id=1260, stack(0x000000ff6b900000,0x000000ff6ba00000)]
  0x0000027ab856f800 JavaThread "Unconstrained build operations Thread 8" [_thread_blocked, id=17932, stack(0x000000ff6ba00000,0x000000ff6bb00000)]
  0x0000027ab8576000 JavaThread "Unconstrained build operations Thread 9" [_thread_blocked, id=17536, stack(0x000000ff6bb00000,0x000000ff6bc00000)]
  0x0000027ac15b0800 JavaThread "Unconstrained build operations Thread 10" [_thread_blocked, id=2092, stack(0x000000ff6bc00000,0x000000ff6bd00000)]
  0x0000027ac15ab800 JavaThread "Unconstrained build operations Thread 11" [_thread_blocked, id=20416, stack(0x000000ff6bd00000,0x000000ff6be00000)]
  0x0000027ac15ac000 JavaThread "Unconstrained build operations Thread 12" [_thread_blocked, id=2832, stack(0x000000ff6be00000,0x000000ff6bf00000)]
  0x0000027ac15ae000 JavaThread "Unconstrained build operations Thread 13" [_thread_blocked, id=13880, stack(0x000000ff6bf00000,0x000000ff6c000000)]
  0x0000027ac15ae800 JavaThread "Unconstrained build operations Thread 14" [_thread_blocked, id=17532, stack(0x000000ff6c000000,0x000000ff6c100000)]
  0x0000027ac15aa800 JavaThread "Unconstrained build operations Thread 15" [_thread_blocked, id=8548, stack(0x000000ff6c100000,0x000000ff6c200000)]
  0x0000027ac15b3800 JavaThread "Unconstrained build operations Thread 16" [_thread_blocked, id=13620, stack(0x000000ff6c200000,0x000000ff6c300000)]
  0x0000027ac15b7000 JavaThread "Unconstrained build operations Thread 17" [_thread_blocked, id=14836, stack(0x000000ff6c300000,0x000000ff6c400000)]
  0x0000027ac15b4800 JavaThread "Unconstrained build operations Thread 18" [_thread_blocked, id=20248, stack(0x000000ff6c400000,0x000000ff6c500000)]
  0x0000027ac15b2800 JavaThread "Unconstrained build operations Thread 19" [_thread_blocked, id=10384, stack(0x000000ff6c500000,0x000000ff6c600000)]
  0x0000027ac15b2000 JavaThread "Unconstrained build operations Thread 20" [_thread_blocked, id=10772, stack(0x000000ff6c600000,0x000000ff6c700000)]
  0x0000027ac15b1000 JavaThread "Unconstrained build operations Thread 21" [_thread_blocked, id=14708, stack(0x000000ff6c700000,0x000000ff6c800000)]
  0x0000027ac15b5000 JavaThread "Unconstrained build operations Thread 22" [_thread_blocked, id=3632, stack(0x000000ff6c800000,0x000000ff6c900000)]
  0x0000027ac15b7800 JavaThread "Unconstrained build operations Thread 23" [_thread_blocked, id=19596, stack(0x000000ff6c900000,0x000000ff6ca00000)]
  0x0000027ac15b6000 JavaThread "Unconstrained build operations Thread 24" [_thread_blocked, id=18004, stack(0x000000ff6ca00000,0x000000ff6cb00000)]
  0x0000027ac15b8800 JavaThread "Unconstrained build operations Thread 25" [_thread_blocked, id=18084, stack(0x000000ff6cb00000,0x000000ff6cc00000)]
  0x0000027ac15b9800 JavaThread "Unconstrained build operations Thread 26" [_thread_blocked, id=7584, stack(0x000000ff6cc00000,0x000000ff6cd00000)]
  0x0000027abae37800 JavaThread "Unconstrained build operations Thread 27" [_thread_blocked, id=19848, stack(0x000000ff6cd00000,0x000000ff6ce00000)]
  0x0000027abae34000 JavaThread "Unconstrained build operations Thread 28" [_thread_blocked, id=2228, stack(0x000000ff6ce00000,0x000000ff6cf00000)]
  0x0000027abae33800 JavaThread "Unconstrained build operations Thread 29" [_thread_blocked, id=19044, stack(0x000000ff6cf00000,0x000000ff6d000000)]
  0x0000027abae35800 JavaThread "Unconstrained build operations Thread 30" [_thread_blocked, id=5944, stack(0x000000ff6d000000,0x000000ff6d100000)]
  0x0000027abae3a000 JavaThread "Unconstrained build operations Thread 31" [_thread_blocked, id=19404, stack(0x000000ff6d100000,0x000000ff6d200000)]
  0x0000027abae38000 JavaThread "Unconstrained build operations Thread 32" [_thread_blocked, id=11888, stack(0x000000ff6d200000,0x000000ff6d300000)]
  0x0000027abae39000 JavaThread "Unconstrained build operations Thread 33" [_thread_blocked, id=14332, stack(0x000000ff6d300000,0x000000ff6d400000)]
  0x0000027abae3a800 JavaThread "Unconstrained build operations Thread 34" [_thread_blocked, id=13272, stack(0x000000ff6d400000,0x000000ff6d500000)]
  0x0000027abae35000 JavaThread "Unconstrained build operations Thread 35" [_thread_blocked, id=13036, stack(0x000000ff6d500000,0x000000ff6d600000)]
  0x0000027abae3c800 JavaThread "Unconstrained build operations Thread 36" [_thread_blocked, id=18324, stack(0x000000ff6d600000,0x000000ff6d700000)]
  0x0000027abae36800 JavaThread "Unconstrained build operations Thread 37" [_thread_blocked, id=19856, stack(0x000000ff6d700000,0x000000ff6d800000)]
  0x0000027abae3f800 JavaThread "Unconstrained build operations Thread 38" [_thread_blocked, id=9856, stack(0x000000ff6d800000,0x000000ff6d900000)]
  0x0000027abae3d000 JavaThread "Unconstrained build operations Thread 39" [_thread_blocked, id=20048, stack(0x000000ff6d900000,0x000000ff6da00000)]
  0x0000027abae41000 JavaThread "Unconstrained build operations Thread 40" [_thread_blocked, id=19492, stack(0x000000ff6da00000,0x000000ff6db00000)]
  0x0000027abae42000 JavaThread "build event listener" [_thread_blocked, id=18484, stack(0x000000ff6db00000,0x000000ff6dc00000)]
  0x0000027abe9a5000 JavaThread "Execution worker for ':'" [_thread_blocked, id=17052, stack(0x000000ff6dc00000,0x000000ff6dd00000)]
  0x0000027abe9a7800 JavaThread "Execution worker for ':' Thread 2" [_thread_blocked, id=13884, stack(0x000000ff6dd00000,0x000000ff6de00000)]
  0x0000027abe9a8000 JavaThread "Execution worker for ':' Thread 3" [_thread_blocked, id=3396, stack(0x000000ff6e000000,0x000000ff6e100000)]
  0x0000027abe9a9000 JavaThread "Cache worker for execution history cache (C:\Users\shubh\AndroidStudioProjects\Medi3\.gradle\7.2\executionHistory)" [_thread_blocked, id=14404, stack(0x000000ff6e100000,0x000000ff6e200000)]

Other Threads:
  0x0000027ab7715800 VMThread "VM Thread" [stack: 0x000000ff68e00000,0x000000ff68f00000] [id=12320]
  0x0000027ab8229800 WatcherThread [stack: 0x000000ff69800000,0x000000ff69900000] [id=16884]
  0x0000027a9d404800 GCTaskThread "GC Thread#0" [stack: 0x000000ff68900000,0x000000ff68a00000] [id=19396]
  0x0000027ab84e9800 GCTaskThread "GC Thread#1" [stack: 0x000000ff69900000,0x000000ff69a00000] [id=8476]
  0x0000027ab9c12800 GCTaskThread "GC Thread#2" [stack: 0x000000ff6a400000,0x000000ff6a500000] [id=16192]
  0x0000027aba272000 GCTaskThread "GC Thread#3" [stack: 0x000000ff6a500000,0x000000ff6a600000] [id=8148]
  0x0000027a9d438000 ConcurrentGCThread "G1 Main Marker" [stack: 0x000000ff68a00000,0x000000ff68b00000] [id=16720]
  0x0000027a9d43a000 ConcurrentGCThread "G1 Conc#0" [stack: 0x000000ff68b00000,0x000000ff68c00000] [id=19476]
  0x0000027a9d491000 ConcurrentGCThread "G1 Refine#0" [stack: 0x000000ff68c00000,0x000000ff68d00000] [id=15536]
  0x0000027a9d492000 ConcurrentGCThread "G1 Young RemSet Sampling" [stack: 0x000000ff68d00000,0x000000ff68e00000] [id=20016]

Threads with active compile tasks:
C2 CompilerThread04857678 26826       4       org.gradle.execution.plan.DefaultPlanExecutor$ExecutorWorker$$Lambda$771/0x0000000100aa2040::transform (24 bytes)

VM state:not at safepoint (normal execution)

VM Mutex/Monitor currently owned by a thread: None

Heap address: 0x0000000080000000, size: 2048 MB, Compressed Oops mode: 32-bit
Narrow klass base: 0x0000000000000000, Narrow klass shift: 3
Compressed class space size: 1073741824 Address: 0x0000000100000000

Heap:
 garbage-first heap   total 192512K, used 100422K [0x0000000080000000, 0x0000000100000000)
  region size 1024K, 14 young (14336K), 7 survivors (7168K)
 Metaspace       used 126653K, capacity 130267K, committed 130892K, reserved 1163264K
  class space    used 15676K, capacity 17057K, committed 17228K, reserved 1048576K
Heap Regions: E=young(eden), S=young(survivor), O=old, HS=humongous(starts), HC=humongous(continues), CS=collection set, F=free, A=archive, TAMS=top-at-mark-start (previous, next)
|   0|0x0000000080000000, 0x0000000080100000, 0x0000000080100000|100%| O|  |TAMS 0x0000000080100000, 0x0000000080000000| Untracked 
|   1|0x0000000080100000, 0x0000000080200000, 0x0000000080200000|100%| O|  |TAMS 0x0000000080200000, 0x0000000080100000| Untracked 
|   2|0x0000000080200000, 0x0000000080300000, 0x0000000080300000|100%| O|  |TAMS 0x0000000080300000, 0x0000000080200000| Untracked 
|   3|0x0000000080300000, 0x0000000080400000, 0x0000000080400000|100%|HS|  |TAMS 0x0000000080400000, 0x0000000080300000| Complete 
|   4|0x0000000080400000, 0x0000000080500000, 0x0000000080500000|100%|HC|  |TAMS 0x0000000080500000, 0x0000000080400000| Complete 
|   5|0x0000000080500000, 0x0000000080600000, 0x0000000080600000|100%|HC|  |TAMS 0x0000000080600000, 0x0000000080500000| Complete 
|   6|0x0000000080600000, 0x0000000080700000, 0x0000000080700000|100%| O|  |TAMS 0x0000000080700000, 0x0000000080600000| Untracked 
|   7|0x0000000080700000, 0x0000000080800000, 0x0000000080800000|100%| O|  |TAMS 0x0000000080800000, 0x0000000080700000| Untracked 
|   8|0x0000000080800000, 0x0000000080900000, 0x0000000080900000|100%| O|  |TAMS 0x0000000080900000, 0x0000000080800000| Untracked 
|   9|0x0000000080900000, 0x0000000080a00000, 0x0000000080a00000|100%| O|  |TAMS 0x0000000080a00000, 0x0000000080900000| Untracked 
|  10|0x0000000080a00000, 0x0000000080b00000, 0x0000000080b00000|100%| O|  |TAMS 0x0000000080b00000, 0x0000000080a00000| Untracked 
|  11|0x0000000080b00000, 0x0000000080c00000, 0x0000000080c00000|100%| O|  |TAMS 0x0000000080c00000, 0x0000000080b00000| Untracked 
|  12|0x0000000080c00000, 0x0000000080d00000, 0x0000000080d00000|100%| O|  |TAMS 0x0000000080d00000, 0x0000000080c00000| Untracked 
|  13|0x0000000080d00000, 0x0000000080e00000, 0x0000000080e00000|100%| O|  |TAMS 0x0000000080e00000, 0x0000000080d00000| Untracked 
|  14|0x0000000080e00000, 0x0000000080f00000, 0x0000000080f00000|100%| O|  |TAMS 0x0000000080f00000, 0x0000000080e00000| Untracked 
|  15|0x0000000080f00000, 0x0000000081000000, 0x0000000081000000|100%| O|  |TAMS 0x0000000081000000, 0x0000000080f00000| Untracked 
|  16|0x0000000081000000, 0x0000000081100000, 0x0000000081100000|100%| O|  |TAMS 0x0000000081100000, 0x0000000081000000| Untracked 
|  17|0x0000000081100000, 0x0000000081200000, 0x0000000081200000|100%| O|  |TAMS 0x0000000081200000, 0x0000000081100000| Untracked 
|  18|0x0000000081200000, 0x0000000081300000, 0x0000000081300000|100%| O|  |TAMS 0x0000000081300000, 0x0000000081200000| Untracked 
|  19|0x0000000081300000, 0x0000000081400000, 0x0000000081400000|100%| O|  |TAMS 0x0000000081400000, 0x0000000081300000| Untracked 
|  20|0x0000000081400000, 0x0000000081500000, 0x0000000081500000|100%| O|  |TAMS 0x0000000081500000, 0x0000000081400000| Untracked 
|  21|0x0000000081500000, 0x0000000081600000, 0x0000000081600000|100%| O|  |TAMS 0x0000000081600000, 0x0000000081500000| Untracked 
|  22|0x0000000081600000, 0x0000000081700000, 0x0000000081700000|100%| O|  |TAMS 0x0000000081700000, 0x0000000081600000| Untracked 
|  23|0x0000000081700000, 0x0000000081800000, 0x0000000081800000|100%| O|  |TAMS 0x0000000081800000, 0x0000000081700000| Untracked 
|  24|0x0000000081800000, 0x0000000081900000, 0x0000000081900000|100%| O|  |TAMS 0x0000000081900000, 0x0000000081800000| Untracked 
|  25|0x0000000081900000, 0x0000000081a00000, 0x0000000081a00000|100%| O|  |TAMS 0x0000000081a00000, 0x0000000081900000| Untracked 
|  26|0x0000000081a00000, 0x0000000081b00000, 0x0000000081b00000|100%| O|  |TAMS 0x0000000081b00000, 0x0000000081a00000| Untracked 
|  27|0x0000000081b00000, 0x0000000081c00000, 0x0000000081c00000|100%| O|  |TAMS 0x0000000081c00000, 0x0000000081b00000| Untracked 
|  28|0x0000000081c00000, 0x0000000081d00000, 0x0000000081d00000|100%|HS|  |TAMS 0x0000000081d00000, 0x0000000081c00000| Complete 
|  29|0x0000000081d00000, 0x0000000081e00000, 0x0000000081e00000|100%|HS|  |TAMS 0x0000000081e00000, 0x0000000081d00000| Complete 
|  30|0x0000000081e00000, 0x0000000081f00000, 0x0000000081f00000|100%|HS|  |TAMS 0x0000000081f00000, 0x0000000081e00000| Complete 
|  31|0x0000000081f00000, 0x0000000082000000, 0x0000000082000000|100%| O|  |TAMS 0x0000000082000000, 0x0000000081f00000| Untracked 
|  32|0x0000000082000000, 0x0000000082100000, 0x0000000082100000|100%| O|  |TAMS 0x0000000082100000, 0x0000000082000000| Untracked 
|  33|0x0000000082100000, 0x0000000082200000, 0x0000000082200000|100%|HS|  |TAMS 0x0000000082200000, 0x0000000082100000| Complete 
|  34|0x0000000082200000, 0x0000000082300000, 0x0000000082300000|100%|HC|  |TAMS 0x0000000082300000, 0x0000000082200000| Complete 
|  35|0x0000000082300000, 0x0000000082400000, 0x0000000082400000|100%| O|  |TAMS 0x0000000082400000, 0x0000000082300000| Untracked 
|  36|0x0000000082400000, 0x0000000082500000, 0x0000000082500000|100%| O|  |TAMS 0x0000000082500000, 0x0000000082400000| Untracked 
|  37|0x0000000082500000, 0x0000000082600000, 0x0000000082600000|100%| O|  |TAMS 0x0000000082600000, 0x0000000082500000| Untracked 
|  38|0x0000000082600000, 0x0000000082700000, 0x0000000082700000|100%| O|  |TAMS 0x0000000082700000, 0x0000000082600000| Untracked 
|  39|0x0000000082700000, 0x0000000082800000, 0x0000000082800000|100%| O|  |TAMS 0x0000000082800000, 0x0000000082700000| Untracked 
|  40|0x0000000082800000, 0x0000000082900000, 0x0000000082900000|100%| O|  |TAMS 0x0000000082900000, 0x0000000082800000| Untracked 
|  41|0x0000000082900000, 0x0000000082a00000, 0x0000000082a00000|100%| O|  |TAMS 0x0000000082a00000, 0x0000000082900000| Untracked 
|  42|0x0000000082a00000, 0x0000000082b00000, 0x0000000082b00000|100%| O|  |TAMS 0x0000000082b00000, 0x0000000082a00000| Untracked 
|  43|0x0000000082b00000, 0x0000000082b15c00, 0x0000000082c00000|  8%| O|  |TAMS 0x0000000082b15c00, 0x0000000082b00000| Untracked 
|  44|0x0000000082c00000, 0x0000000082d00000, 0x0000000082d00000|100%| O|  |TAMS 0x0000000082d00000, 0x0000000082c00000| Untracked 
|  45|0x0000000082d00000, 0x0000000082e00000, 0x0000000082e00000|100%| O|  |TAMS 0x0000000082e00000, 0x0000000082d00000| Untracked 
|  46|0x0000000082e00000, 0x0000000082f00000, 0x0000000082f00000|100%| O|  |TAMS 0x0000000082f00000, 0x0000000082e00000| Untracked 
|  47|0x0000000082f00000, 0x0000000083000000, 0x0000000083000000|100%| O|  |TAMS 0x0000000083000000, 0x0000000082f00000| Untracked 
|  48|0x0000000083000000, 0x0000000083100000, 0x0000000083100000|100%| O|  |TAMS 0x0000000083100000, 0x0000000083000000| Untracked 
|  49|0x0000000083100000, 0x0000000083200000, 0x0000000083200000|100%| O|  |TAMS 0x0000000083200000, 0x0000000083100000| Untracked 
|  50|0x0000000083200000, 0x0000000083300000, 0x0000000083300000|100%| O|  |TAMS 0x0000000083300000, 0x0000000083200000| Untracked 
|  51|0x0000000083300000, 0x0000000083400000, 0x0000000083400000|100%| O|  |TAMS 0x0000000083400000, 0x0000000083300000| Untracked 
|  52|0x0000000083400000, 0x0000000083500000, 0x0000000083500000|100%| O|  |TAMS 0x0000000083500000, 0x0000000083400000| Untracked 
|  53|0x0000000083500000, 0x0000000083600000, 0x0000000083600000|100%| O|  |TAMS 0x0000000083600000, 0x0000000083500000| Untracked 
|  54|0x0000000083600000, 0x0000000083700000, 0x0000000083700000|100%| O|  |TAMS 0x0000000083700000, 0x0000000083600000| Untracked 
|  55|0x0000000083700000, 0x0000000083800000, 0x0000000083800000|100%| O|  |TAMS 0x0000000083800000, 0x0000000083700000| Untracked 
|  56|0x0000000083800000, 0x0000000083900000, 0x0000000083900000|100%| O|  |TAMS 0x0000000083900000, 0x0000000083800000| Untracked 
|  57|0x0000000083900000, 0x0000000083a00000, 0x0000000083a00000|100%| O|  |TAMS 0x0000000083a00000, 0x0000000083900000| Untracked 
|  58|0x0000000083a00000, 0x0000000083a00000, 0x0000000083b00000|  0%| F|  |TAMS 0x0000000083a00000, 0x0000000083a00000| Untracked 
|  59|0x0000000083b00000, 0x0000000083c00000, 0x0000000083c00000|100%| O|  |TAMS 0x0000000083c00000, 0x0000000083b00000| Untracked 
|  60|0x0000000083c00000, 0x0000000083d00000, 0x0000000083d00000|100%| O|  |TAMS 0x0000000083d00000, 0x0000000083c00000| Untracked 
|  61|0x0000000083d00000, 0x0000000083e00000, 0x0000000083e00000|100%| O|  |TAMS 0x0000000083e00000, 0x0000000083d00000| Untracked 
|  62|0x0000000083e00000, 0x0000000083f00000, 0x0000000083f00000|100%| O|  |TAMS 0x0000000083f00000, 0x0000000083e00000| Untracked 
|  63|0x0000000083f00000, 0x0000000084000000, 0x0000000084000000|100%| O|  |TAMS 0x0000000084000000, 0x0000000083f00000| Untracked 
|  64|0x0000000084000000, 0x0000000084100000, 0x0000000084100000|100%| O|  |TAMS 0x0000000084100000, 0x0000000084000000| Untracked 
|  65|0x0000000084100000, 0x0000000084200000, 0x0000000084200000|100%| O|  |TAMS 0x0000000084200000, 0x0000000084100000| Untracked 
|  66|0x0000000084200000, 0x0000000084300000, 0x0000000084300000|100%| O|  |TAMS 0x0000000084300000, 0x0000000084200000| Untracked 
|  67|0x0000000084300000, 0x0000000084400000, 0x0000000084400000|100%| O|  |TAMS 0x0000000084400000, 0x0000000084300000| Untracked 
|  68|0x0000000084400000, 0x0000000084400000, 0x0000000084500000|  0%| F|  |TAMS 0x0000000084400000, 0x0000000084400000| Untracked 
|  69|0x0000000084500000, 0x0000000084600000, 0x0000000084600000|100%| O|  |TAMS 0x0000000084600000, 0x0000000084500000| Untracked 
|  70|0x0000000084600000, 0x0000000084600000, 0x0000000084700000|  0%| F|  |TAMS 0x0000000084600000, 0x0000000084600000| Untracked 
|  71|0x0000000084700000, 0x0000000084800000, 0x0000000084800000|100%| O|  |TAMS 0x0000000084800000, 0x0000000084700000| Untracked 
|  72|0x0000000084800000, 0x0000000084900000, 0x0000000084900000|100%| O|  |TAMS 0x0000000084900000, 0x0000000084800000| Untracked 
|  73|0x0000000084900000, 0x0000000084a00000, 0x0000000084a00000|100%| O|  |TAMS 0x0000000084a00000, 0x0000000084900000| Untracked 
|  74|0x0000000084a00000, 0x0000000084b00000, 0x0000000084b00000|100%| O|  |TAMS 0x0000000084b00000, 0x0000000084a00000| Untracked 
|  75|0x0000000084b00000, 0x0000000084c00000, 0x0000000084c00000|100%| O|  |TAMS 0x0000000084c00000, 0x0000000084b00000| Untracked 
|  76|0x0000000084c00000, 0x0000000084d00000, 0x0000000084d00000|100%| O|  |TAMS 0x0000000084d00000, 0x0000000084c00000| Untracked 
|  77|0x0000000084d00000, 0x0000000084d00000, 0x0000000084e00000|  0%| F|  |TAMS 0x0000000084d00000, 0x0000000084d00000| Untracked 
|  78|0x0000000084e00000, 0x0000000084f00000, 0x0000000084f00000|100%| O|  |TAMS 0x0000000084f00000, 0x0000000084e00000| Untracked 
|  79|0x0000000084f00000, 0x0000000084f00000, 0x0000000085000000|  0%| F|  |TAMS 0x0000000084f00000, 0x0000000084f00000| Untracked 
|  80|0x0000000085000000, 0x0000000085100000, 0x0000000085100000|100%| O|  |TAMS 0x0000000085100000, 0x0000000085000000| Untracked 
|  81|0x0000000085100000, 0x0000000085200000, 0x0000000085200000|100%| O|  |TAMS 0x0000000085200000, 0x0000000085100000| Untracked 
|  82|0x0000000085200000, 0x0000000085300000, 0x0000000085300000|100%| O|  |TAMS 0x0000000085300000, 0x0000000085200000| Untracked 
|  83|0x0000000085300000, 0x0000000085300000, 0x0000000085400000|  0%| F|  |TAMS 0x0000000085300000, 0x0000000085300000| Untracked 
|  84|0x0000000085400000, 0x0000000085500000, 0x0000000085500000|100%| O|  |TAMS 0x0000000085500000, 0x0000000085400000| Untracked 
|  85|0x0000000085500000, 0x0000000085600000, 0x0000000085600000|100%| O|  |TAMS 0x0000000085600000, 0x0000000085500000| Untracked 
|  86|0x0000000085600000, 0x0000000085600000, 0x0000000085700000|  0%| F|  |TAMS 0x0000000085600000, 0x0000000085600000| Untracked 
|  87|0x0000000085700000, 0x0000000085800000, 0x0000000085800000|100%| O|  |TAMS 0x0000000085800000, 0x0000000085700000| Untracked 
|  88|0x0000000085800000, 0x0000000085800000, 0x0000000085900000|  0%| F|  |TAMS 0x0000000085800000, 0x0000000085800000| Untracked 
|  89|0x0000000085900000, 0x0000000085900000, 0x0000000085a00000|  0%| F|  |TAMS 0x0000000085900000, 0x0000000085900000| Untracked 
|  90|0x0000000085a00000, 0x0000000085a00000, 0x0000000085b00000|  0%| F|  |TAMS 0x0000000085a00000, 0x0000000085a00000| Untracked 
|  91|0x0000000085b00000, 0x0000000085c00000, 0x0000000085c00000|100%| O|  |TAMS 0x0000000085c00000, 0x0000000085b00000| Untracked 
|  92|0x0000000085c00000, 0x0000000085c00000, 0x0000000085d00000|  0%| F|  |TAMS 0x0000000085c00000, 0x0000000085c00000| Untracked 
|  93|0x0000000085d00000, 0x0000000085d00000, 0x0000000085e00000|  0%| F|  |TAMS 0x0000000085d00000, 0x0000000085d00000| Untracked 
|  94|0x0000000085e00000, 0x0000000085f00000, 0x0000000085f00000|100%| O|  |TAMS 0x0000000085f00000, 0x0000000085e00000| Untracked 
|  95|0x0000000085f00000, 0x0000000085ffbef8, 0x0000000086000000| 98%| S|CS|TAMS 0x0000000085f00000, 0x0000000085f00000| Complete 
|  96|0x0000000086000000, 0x0000000086100000, 0x0000000086100000|100%| O|  |TAMS 0x0000000086100000, 0x0000000086000000| Untracked 
|  97|0x0000000086100000, 0x0000000086100000, 0x0000000086200000|  0%| F|  |TAMS 0x0000000086100000, 0x0000000086100000| Untracked 
|  98|0x0000000086200000, 0x0000000086200000, 0x0000000086300000|  0%| F|  |TAMS 0x0000000086200000, 0x0000000086200000| Untracked 
|  99|0x0000000086300000, 0x0000000086400000, 0x0000000086400000|100%| S|CS|TAMS 0x0000000086300000, 0x0000000086300000| Complete 
| 100|0x0000000086400000, 0x0000000086500000, 0x0000000086500000|100%| O|  |TAMS 0x0000000086500000, 0x0000000086400000| Untracked 
| 101|0x0000000086500000, 0x0000000086500000, 0x0000000086600000|  0%| F|  |TAMS 0x0000000086500000, 0x0000000086500000| Untracked 
| 102|0x0000000086600000, 0x0000000086600000, 0x0000000086700000|  0%| F|  |TAMS 0x0000000086600000, 0x0000000086600000| Untracked 
| 103|0x0000000086700000, 0x0000000086800000, 0x0000000086800000|100%| S|CS|TAMS 0x0000000086700000, 0x0000000086700000| Complete 
| 104|0x0000000086800000, 0x0000000086900000, 0x0000000086900000|100%| O|  |TAMS 0x0000000086900000, 0x0000000086800000| Untracked 
| 105|0x0000000086900000, 0x0000000086900000, 0x0000000086a00000|  0%| F|  |TAMS 0x0000000086900000, 0x0000000086900000| Untracked 
| 106|0x0000000086a00000, 0x0000000086a00000, 0x0000000086b00000|  0%| F|  |TAMS 0x0000000086a00000, 0x0000000086a00000| Untracked 
| 107|0x0000000086b00000, 0x0000000086b00000, 0x0000000086c00000|  0%| F|  |TAMS 0x0000000086b00000, 0x0000000086b00000| Untracked 
| 108|0x0000000086c00000, 0x0000000086c00000, 0x0000000086d00000|  0%| F|  |TAMS 0x0000000086c00000, 0x0000000086c00000| Untracked 
| 109|0x0000000086d00000, 0x0000000086d00000, 0x0000000086e00000|  0%| F|  |TAMS 0x0000000086d00000, 0x0000000086d00000| Untracked 
| 110|0x0000000086e00000, 0x0000000086e00000, 0x0000000086f00000|  0%| F|  |TAMS 0x0000000086e00000, 0x0000000086e00000| Untracked 
| 111|0x0000000086f00000, 0x0000000086f00000, 0x0000000087000000|  0%| F|  |TAMS 0x0000000086f00000, 0x0000000086f00000| Untracked 
| 112|0x0000000087000000, 0x0000000087000000, 0x0000000087100000|  0%| F|  |TAMS 0x0000000087000000, 0x0000000087000000| Untracked 
| 113|0x0000000087100000, 0x0000000087100000, 0x0000000087200000|  0%| F|  |TAMS 0x0000000087100000, 0x0000000087100000| Untracked 
| 114|0x0000000087200000, 0x0000000087200000, 0x0000000087300000|  0%| F|  |TAMS 0x0000000087200000, 0x0000000087200000| Untracked 
| 115|0x0000000087300000, 0x0000000087300000, 0x0000000087400000|  0%| F|  |TAMS 0x0000000087300000, 0x0000000087300000| Untracked 
| 116|0x0000000087400000, 0x0000000087400000, 0x0000000087500000|  0%| F|  |TAMS 0x0000000087400000, 0x0000000087400000| Untracked 
| 117|0x0000000087500000, 0x0000000087500000, 0x0000000087600000|  0%| F|  |TAMS 0x0000000087500000, 0x0000000087500000| Untracked 
| 118|0x0000000087600000, 0x0000000087600000, 0x0000000087700000|  0%| F|  |TAMS 0x0000000087600000, 0x0000000087600000| Untracked 
| 119|0x0000000087700000, 0x0000000087700000, 0x0000000087800000|  0%| F|  |TAMS 0x0000000087700000, 0x0000000087700000| Untracked 
| 120|0x0000000087800000, 0x0000000087800000, 0x0000000087900000|  0%| F|  |TAMS 0x0000000087800000, 0x0000000087800000| Untracked 
| 121|0x0000000087900000, 0x0000000087900000, 0x0000000087a00000|  0%| F|  |TAMS 0x0000000087900000, 0x0000000087900000| Untracked 
| 122|0x0000000087a00000, 0x0000000087a00000, 0x0000000087b00000|  0%| F|  |TAMS 0x0000000087a00000, 0x0000000087a00000| Untracked 
| 123|0x0000000087b00000, 0x0000000087b00000, 0x0000000087c00000|  0%| F|  |TAMS 0x0000000087b00000, 0x0000000087b00000| Untracked 
| 124|0x0000000087c00000, 0x0000000087c00000, 0x0000000087d00000|  0%| F|  |TAMS 0x0000000087c00000, 0x0000000087c00000| Untracked 
| 125|0x0000000087d00000, 0x0000000087e00000, 0x0000000087e00000|100%| S|CS|TAMS 0x0000000087d00000, 0x0000000087d00000| Complete 
| 126|0x0000000087e00000, 0x0000000087f00000, 0x0000000087f00000|100%| S|CS|TAMS 0x0000000087e00000, 0x0000000087e00000| Complete 
| 127|0x0000000087f00000, 0x0000000088000000, 0x0000000088000000|100%| S|CS|TAMS 0x0000000087f00000, 0x0000000087f00000| Complete 
| 128|0x0000000088000000, 0x0000000088100000, 0x0000000088100000|100%| S|CS|TAMS 0x0000000088000000, 0x0000000088000000| Complete 
| 129|0x0000000088100000, 0x0000000088100000, 0x0000000088200000|  0%| F|  |TAMS 0x0000000088100000, 0x0000000088100000| Untracked 
| 130|0x0000000088200000, 0x0000000088200000, 0x0000000088300000|  0%| F|  |TAMS 0x0000000088200000, 0x0000000088200000| Untracked 
| 131|0x0000000088300000, 0x0000000088300000, 0x0000000088400000|  0%| F|  |TAMS 0x0000000088300000, 0x0000000088300000| Untracked 
| 132|0x0000000088400000, 0x0000000088400000, 0x0000000088500000|  0%| F|  |TAMS 0x0000000088400000, 0x0000000088400000| Untracked 
| 133|0x0000000088500000, 0x0000000088500000, 0x0000000088600000|  0%| F|  |TAMS 0x0000000088500000, 0x0000000088500000| Untracked 
| 134|0x0000000088600000, 0x0000000088600000, 0x0000000088700000|  0%| F|  |TAMS 0x0000000088600000, 0x0000000088600000| Untracked 
| 135|0x0000000088700000, 0x0000000088700000, 0x0000000088800000|  0%| F|  |TAMS 0x0000000088700000, 0x0000000088700000| Untracked 
| 136|0x0000000088800000, 0x0000000088800000, 0x0000000088900000|  0%| F|  |TAMS 0x0000000088800000, 0x0000000088800000| Untracked 
| 137|0x0000000088900000, 0x0000000088900000, 0x0000000088a00000|  0%| F|  |TAMS 0x0000000088900000, 0x0000000088900000| Untracked 
| 138|0x0000000088a00000, 0x0000000088a00000, 0x0000000088b00000|  0%| F|  |TAMS 0x0000000088a00000, 0x0000000088a00000| Untracked 
| 139|0x0000000088b00000, 0x0000000088b00000, 0x0000000088c00000|  0%| F|  |TAMS 0x0000000088b00000, 0x0000000088b00000| Untracked 
| 140|0x0000000088c00000, 0x0000000088c00000, 0x0000000088d00000|  0%| F|  |TAMS 0x0000000088c00000, 0x0000000088c00000| Untracked 
| 141|0x0000000088d00000, 0x0000000088d00000, 0x0000000088e00000|  0%| F|  |TAMS 0x0000000088d00000, 0x0000000088d00000| Untracked 
| 142|0x0000000088e00000, 0x0000000088e00000, 0x0000000088f00000|  0%| F|  |TAMS 0x0000000088e00000, 0x0000000088e00000| Untracked 
| 143|0x0000000088f00000, 0x0000000088f00000, 0x0000000089000000|  0%| F|  |TAMS 0x0000000088f00000, 0x0000000088f00000| Untracked 
| 144|0x0000000089000000, 0x0000000089000000, 0x0000000089100000|  0%| F|  |TAMS 0x0000000089000000, 0x0000000089000000| Untracked 
| 145|0x0000000089100000, 0x0000000089100000, 0x0000000089200000|  0%| F|  |TAMS 0x0000000089100000, 0x0000000089100000| Untracked 
| 146|0x0000000089200000, 0x0000000089200000, 0x0000000089300000|  0%| F|  |TAMS 0x0000000089200000, 0x0000000089200000| Untracked 
| 147|0x0000000089300000, 0x0000000089300000, 0x0000000089400000|  0%| F|  |TAMS 0x0000000089300000, 0x0000000089300000| Untracked 
| 148|0x0000000089400000, 0x0000000089400000, 0x0000000089500000|  0%| F|  |TAMS 0x0000000089400000, 0x0000000089400000| Untracked 
| 149|0x0000000089500000, 0x0000000089500000, 0x0000000089600000|  0%| F|  |TAMS 0x0000000089500000, 0x0000000089500000| Untracked 
| 150|0x0000000089600000, 0x0000000089600000, 0x0000000089700000|  0%| F|  |TAMS 0x0000000089600000, 0x0000000089600000| Untracked 
| 151|0x0000000089700000, 0x0000000089700000, 0x0000000089800000|  0%| F|  |TAMS 0x0000000089700000, 0x0000000089700000| Untracked 
| 152|0x0000000089800000, 0x0000000089800000, 0x0000000089900000|  0%| F|  |TAMS 0x0000000089800000, 0x0000000089800000| Untracked 
| 153|0x0000000089900000, 0x0000000089900000, 0x0000000089a00000|  0%| F|  |TAMS 0x0000000089900000, 0x0000000089900000| Untracked 
| 154|0x0000000089a00000, 0x0000000089a00000, 0x0000000089b00000|  0%| F|  |TAMS 0x0000000089a00000, 0x0000000089a00000| Untracked 
| 155|0x0000000089b00000, 0x0000000089b00000, 0x0000000089c00000|  0%| F|  |TAMS 0x0000000089b00000, 0x0000000089b00000| Untracked 
| 156|0x0000000089c00000, 0x0000000089c00000, 0x0000000089d00000|  0%| F|  |TAMS 0x0000000089c00000, 0x0000000089c00000| Untracked 
| 157|0x0000000089d00000, 0x0000000089d00000, 0x0000000089e00000|  0%| F|  |TAMS 0x0000000089d00000, 0x0000000089d00000| Untracked 
| 158|0x0000000089e00000, 0x0000000089e00000, 0x0000000089f00000|  0%| F|  |TAMS 0x0000000089e00000, 0x0000000089e00000| Untracked 
| 159|0x0000000089f00000, 0x0000000089f00000, 0x000000008a000000|  0%| F|  |TAMS 0x0000000089f00000, 0x0000000089f00000| Untracked 
| 160|0x000000008a000000, 0x000000008a000000, 0x000000008a100000|  0%| F|  |TAMS 0x000000008a000000, 0x000000008a000000| Untracked 
| 161|0x000000008a100000, 0x000000008a100000, 0x000000008a200000|  0%| F|  |TAMS 0x000000008a100000, 0x000000008a100000| Untracked 
| 162|0x000000008a200000, 0x000000008a200000, 0x000000008a300000|  0%| F|  |TAMS 0x000000008a200000, 0x000000008a200000| Untracked 
| 163|0x000000008a300000, 0x000000008a300000, 0x000000008a400000|  0%| F|  |TAMS 0x000000008a300000, 0x000000008a300000| Untracked 
| 164|0x000000008a400000, 0x000000008a400000, 0x000000008a500000|  0%| F|  |TAMS 0x000000008a400000, 0x000000008a400000| Untracked 
| 165|0x000000008a500000, 0x000000008a500000, 0x000000008a600000|  0%| F|  |TAMS 0x000000008a500000, 0x000000008a500000| Untracked 
| 166|0x000000008a600000, 0x000000008a600000, 0x000000008a700000|  0%| F|  |TAMS 0x000000008a600000, 0x000000008a600000| Untracked 
| 167|0x000000008a700000, 0x000000008a700000, 0x000000008a800000|  0%| F|  |TAMS 0x000000008a700000, 0x000000008a700000| Untracked 
| 168|0x000000008a800000, 0x000000008a800000, 0x000000008a900000|  0%| F|  |TAMS 0x000000008a800000, 0x000000008a800000| Untracked 
| 169|0x000000008a900000, 0x000000008a900000, 0x000000008aa00000|  0%| F|  |TAMS 0x000000008a900000, 0x000000008a900000| Untracked 
| 170|0x000000008aa00000, 0x000000008aa00000, 0x000000008ab00000|  0%| F|  |TAMS 0x000000008aa00000, 0x000000008aa00000| Untracked 
| 171|0x000000008ab00000, 0x000000008ab00000, 0x000000008ac00000|  0%| F|  |TAMS 0x000000008ab00000, 0x000000008ab00000| Untracked 
| 172|0x000000008ac00000, 0x000000008ac00000, 0x000000008ad00000|  0%| F|  |TAMS 0x000000008ac00000, 0x000000008ac00000| Untracked 
| 173|0x000000008ad00000, 0x000000008ad00000, 0x000000008ae00000|  0%| F|  |TAMS 0x000000008ad00000, 0x000000008ad00000| Untracked 
| 174|0x000000008ae00000, 0x000000008ae00000, 0x000000008af00000|  0%| F|  |TAMS 0x000000008ae00000, 0x000000008ae00000| Untracked 
| 175|0x000000008af00000, 0x000000008af00000, 0x000000008b000000|  0%| F|  |TAMS 0x000000008af00000, 0x000000008af00000| Untracked 
| 176|0x000000008b000000, 0x000000008b000000, 0x000000008b100000|  0%| F|  |TAMS 0x000000008b000000, 0x000000008b000000| Untracked 
| 177|0x000000008b100000, 0x000000008b100000, 0x000000008b200000|  0%| F|  |TAMS 0x000000008b100000, 0x000000008b100000| Untracked 
| 178|0x000000008b200000, 0x000000008b200000, 0x000000008b300000|  0%| F|  |TAMS 0x000000008b200000, 0x000000008b200000| Untracked 
| 179|0x000000008b300000, 0x000000008b300000, 0x000000008b400000|  0%| F|  |TAMS 0x000000008b300000, 0x000000008b300000| Untracked 
| 180|0x000000008b400000, 0x000000008b400000, 0x000000008b500000|  0%| F|  |TAMS 0x000000008b400000, 0x000000008b400000| Untracked 
| 181|0x000000008b500000, 0x000000008b501258, 0x000000008b600000|  0%| E|  |TAMS 0x000000008b500000, 0x000000008b500000| Complete 
| 182|0x000000008b600000, 0x000000008b700000, 0x000000008b700000|100%| E|CS|TAMS 0x000000008b600000, 0x000000008b600000| Complete 
| 183|0x000000008b700000, 0x000000008b800000, 0x000000008b800000|100%| E|CS|TAMS 0x000000008b700000, 0x000000008b700000| Complete 
| 184|0x000000008b800000, 0x000000008b900000, 0x000000008b900000|100%| E|CS|TAMS 0x000000008b800000, 0x000000008b800000| Complete 
| 185|0x000000008b900000, 0x000000008ba00000, 0x000000008ba00000|100%| E|CS|TAMS 0x000000008b900000, 0x000000008b900000| Complete 
| 186|0x000000008ba00000, 0x000000008bb00000, 0x000000008bb00000|100%| E|CS|TAMS 0x000000008ba00000, 0x000000008ba00000| Complete 
| 187|0x000000008bb00000, 0x000000008bc00000, 0x000000008bc00000|100%| E|CS|TAMS 0x000000008bb00000, 0x000000008bb00000| Complete 

Card table byte_map: [0x0000027ab0910000,0x0000027ab0d10000] _byte_map_base: 0x0000027ab0510000

Marking Bits (Prev, Next): (CMBitMap*) 0x0000027a9d42f058, (CMBitMap*) 0x0000027a9d42f090
 Prev Bits: [0x0000027ab1110000, 0x0000027ab3110000)
 Next Bits: [0x0000027ab3110000, 0x0000027ab5110000)

Polling page: 0x0000027a9bbc0000

Metaspace:

Usage:
  Non-class:    110.56 MB capacity,   108.38 MB ( 98%) used,     1.73 MB (  2%) free+waste,   462.75 KB ( <1%) overhead. 
      Class:     16.66 MB capacity,    15.31 MB ( 92%) used,     1.15 MB (  7%) free+waste,   199.88 KB (  1%) overhead. 
       Both:    127.21 MB capacity,   123.69 MB ( 97%) used,     2.88 MB (  2%) free+waste,   662.63 KB ( <1%) overhead. 

Virtual space:
  Non-class space:      112.00 MB reserved,     111.00 MB (>99%) committed 
      Class space:        1.00 GB reserved,      16.82 MB (  2%) committed 
             Both:        1.11 GB reserved,     127.82 MB ( 11%) committed 

Chunk freelists:
   Non-Class:  262.00 KB
       Class:  159.00 KB
        Both:  421.00 KB

MaxMetaspaceSize: 17179869184.00 GB
CompressedClassSpaceSize: 1.00 GB

CodeHeap 'non-profiled nmethods': size=120064Kb used=16359Kb max_used=16438Kb free=103704Kb
 bounds [0x0000027aa89b0000, 0x0000027aa99f0000, 0x0000027aafef0000]
CodeHeap 'profiled nmethods': size=120000Kb used=52223Kb max_used=54236Kb free=67776Kb
 bounds [0x0000027aa1480000, 0x0000027aa49a0000, 0x0000027aa89b0000]
CodeHeap 'non-nmethods': size=5696Kb used=2378Kb max_used=2428Kb free=3318Kb
 bounds [0x0000027aa0ef0000, 0x0000027aa1160000, 0x0000027aa1480000]
 total_blobs=24759 nmethods=23770 adapters=894
 compilation: enabled
              stopped_count=0, restarted_count=0
 full_count=0

Compilation events (20 events):
Event: 4856.963 Thread 0x0000027ab7784000 nmethod 26816 0x0000027aa18dd090 code [0x0000027aa18dd280, 0x0000027aa18dd748]
Event: 4856.963 Thread 0x0000027ab7784000 26817       3       com.android.build.api.variant.impl.VariantOutputImpl::getOutputType (8 bytes)
Event: 4856.965 Thread 0x0000027ab7784000 nmethod 26817 0x0000027aa1866c10 code [0x0000027aa1866de0, 0x0000027aa18670e8]
Event: 4856.993 Thread 0x0000027ab7781000 26818   !   4       jdk.internal.reflect.GeneratedMethodAccessor25::invoke (66 bytes)
Event: 4856.995 Thread 0x0000027ab7781000 nmethod 26818 0x0000027aa8d78a10 code [0x0000027aa8d78bc0, 0x0000027aa8d78d08]
Event: 4857.067 Thread 0x0000027ab7781000 26819       4       java.lang.StringLatin1::newString (17 bytes)
Event: 4857.071 Thread 0x0000027ab7781000 nmethod 26819 0x0000027aa8d99510 code [0x0000027aa8d996c0, 0x0000027aa8d99a78]
Event: 4857.085 Thread 0x0000027ab7781000 26820       4       org.gradle.internal.snapshot.AbstractListChildMap$2::withReplacedChild (14 bytes)
Event: 4857.113 Thread 0x0000027ab7781000 nmethod 26820 0x0000027aa8e4f010 code [0x0000027aa8e4f240, 0x0000027aa8e50238]
Event: 4857.113 Thread 0x0000027ab7781000 26821       4       org.gradle.api.internal.file.AbstractFileCollection::iterator (10 bytes)
Event: 4857.133 Thread 0x0000027ab7781000 nmethod 26821 0x0000027aa8daa710 code [0x0000027aa8daa920, 0x0000027aa8dab1b8]
Event: 4857.140 Thread 0x0000027ab7784000 26822       3       org.gradle.internal.snapshot.impl.EnumValueSnapshot::equals (63 bytes)
Event: 4857.141 Thread 0x0000027ab7784000 nmethod 26822 0x0000027aa191f910 code [0x0000027aa191fb00, 0x0000027aa191ff38]
Event: 4857.173 Thread 0x0000027ab7781000 26823       4       org.gradle.execution.plan.LocalTaskNodeExecutor::collectValidationProblemsForConsumer (44 bytes)
Event: 4857.396 Thread 0x0000027ab7781000 nmethod 26823 0x0000027aa8eea910 code [0x0000027aa8eeab60, 0x0000027aa8eec3d8]
Event: 4857.470 Thread 0x0000027ab7784000 26824       3       org.gradle.internal.snapshot.impl.IntegerValueSnapshot::snapshot (7 bytes)
Event: 4857.472 Thread 0x0000027ab7784000 nmethod 26824 0x0000027aa193e590 code [0x0000027aa193e7a0, 0x0000027aa193ed28]
Event: 4857.472 Thread 0x0000027ab7784000 26825       3       com.google.common.collect.RegularImmutableBiMap::checkNoConflictInValueBucket (42 bytes)
Event: 4857.474 Thread 0x0000027ab7784000 nmethod 26825 0x0000027aa1950210 code [0x0000027aa1950400, 0x0000027aa19508a8]
Event: 4857.475 Thread 0x0000027ab7781000 26826       4       org.gradle.execution.plan.DefaultPlanExecutor$ExecutorWorker$$Lambda$771/0x0000000100aa2040::transform (24 bytes)

GC Heap History (20 events):
Event: 3440.881 GC heap before
{Heap before GC invocations=124 (full 0):
 garbage-first heap   total 192512K, used 102716K [0x0000000080000000, 0x0000000100000000)
  region size 1024K, 11 young (11264K), 1 survivors (1024K)
 Metaspace       used 126096K, capacity 129861K, committed 130380K, reserved 1163264K
  class space    used 15678K, capacity 17078K, committed 17228K, reserved 1048576K
}
Event: 3440.885 GC heap after
{Heap after GC invocations=125 (full 0):
 garbage-first heap   total 192512K, used 93429K [0x0000000080000000, 0x0000000100000000)
  region size 1024K, 1 young (1024K), 1 survivors (1024K)
 Metaspace       used 126096K, capacity 129861K, committed 130380K, reserved 1163264K
  class space    used 15678K, capacity 17078K, committed 17228K, reserved 1048576K
}
Event: 4798.042 GC heap before
{Heap before GC invocations=126 (full 0):
 garbage-first heap   total 192512K, used 165109K [0x0000000080000000, 0x0000000100000000)
  region size 1024K, 62 young (63488K), 1 survivors (1024K)
 Metaspace       used 126169K, capacity 129990K, committed 130380K, reserved 1163264K
  class space    used 15678K, capacity 17078K, committed 17228K, reserved 1048576K
}
Event: 4798.153 GC heap after
{Heap after GC invocations=127 (full 0):
 garbage-first heap   total 192512K, used 98025K [0x0000000080000000, 0x0000000100000000)
  region size 1024K, 5 young (5120K), 5 survivors (5120K)
 Metaspace       used 126169K, capacity 129990K, committed 130380K, reserved 1163264K
  class space    used 15678K, capacity 17078K, committed 17228K, reserved 1048576K
}
Event: 4798.329 GC heap before
{Heap before GC invocations=127 (full 0):
 garbage-first heap   total 192512K, used 101097K [0x0000000080000000, 0x0000000100000000)
  region size 1024K, 9 young (9216K), 5 survivors (5120K)
 Metaspace       used 126174K, capacity 129990K, committed 130380K, reserved 1163264K
  class space    used 15678K, capacity 17078K, committed 17228K, reserved 1048576K
}
Event: 4798.491 GC heap after
{Heap after GC invocations=128 (full 0):
 garbage-first heap   total 192512K, used 93121K [0x0000000080000000, 0x0000000100000000)
  region size 1024K, 1 young (1024K), 1 survivors (1024K)
 Metaspace       used 126174K, capacity 129990K, committed 130380K, reserved 1163264K
  class space    used 15678K, capacity 17078K, committed 17228K, reserved 1048576K
}
Event: 4798.819 GC heap before
{Heap before GC invocations=128 (full 0):
 garbage-first heap   total 192512K, used 98241K [0x0000000080000000, 0x0000000100000000)
  region size 1024K, 7 young (7168K), 1 survivors (1024K)
 Metaspace       used 126177K, capacity 129990K, committed 130380K, reserved 1163264K
  class space    used 15678K, capacity 17078K, committed 17228K, reserved 1048576K
}
Event: 4798.848 GC heap after
{Heap after GC invocations=129 (full 0):
 garbage-first heap   total 192512K, used 93228K [0x0000000080000000, 0x0000000100000000)
  region size 1024K, 1 young (1024K), 1 survivors (1024K)
 Metaspace       used 126177K, capacity 129990K, committed 130380K, reserved 1163264K
  class space    used 15678K, capacity 17078K, committed 17228K, reserved 1048576K
}
Event: 4804.146 GC heap before
{Heap before GC invocations=130 (full 0):
 garbage-first heap   total 192512K, used 156663K [0x0000000080000000, 0x0000000100000000)
  region size 1024K, 48 young (49152K), 1 survivors (1024K)
 Metaspace       used 126241K, capacity 129952K, committed 130636K, reserved 1163264K
  class space    used 15661K, capacity 17046K, committed 17228K, reserved 1048576K
}
Event: 4804.171 GC heap after
{Heap after GC invocations=131 (full 0):
 garbage-first heap   total 192512K, used 92870K [0x0000000080000000, 0x0000000100000000)
  region size 1024K, 2 young (2048K), 2 survivors (2048K)
 Metaspace       used 126241K, capacity 129952K, committed 130636K, reserved 1163264K
  class space    used 15661K, capacity 17046K, committed 17228K, reserved 1048576K
}
Event: 4804.223 GC heap before
{Heap before GC invocations=131 (full 0):
 garbage-first heap   total 192512K, used 100038K [0x0000000080000000, 0x0000000100000000)
  region size 1024K, 9 young (9216K), 2 survivors (2048K)
 Metaspace       used 126241K, capacity 129952K, committed 130636K, reserved 1163264K
  class space    used 15661K, capacity 17046K, committed 17228K, reserved 1048576K
}
Event: 4804.283 GC heap after
{Heap after GC invocations=132 (full 0):
 garbage-first heap   total 192512K, used 87141K [0x0000000080000000, 0x0000000100000000)
  region size 1024K, 2 young (2048K), 2 survivors (2048K)
 Metaspace       used 126241K, capacity 129952K, committed 130636K, reserved 1163264K
  class space    used 15661K, capacity 17046K, committed 17228K, reserved 1048576K
}
Event: 4815.145 GC heap before
{Heap before GC invocations=132 (full 0):
 garbage-first heap   total 192512K, used 135269K [0x0000000080000000, 0x0000000100000000)
  region size 1024K, 51 young (52224K), 2 survivors (2048K)
 Metaspace       used 126331K, capacity 130094K, committed 130636K, reserved 1163264K
  class space    used 15662K, capacity 17048K, committed 17228K, reserved 1048576K
}
Event: 4815.219 GC heap after
{Heap after GC invocations=133 (full 0):
 garbage-first heap   total 192512K, used 90304K [0x0000000080000000, 0x0000000100000000)
  region size 1024K, 6 young (6144K), 6 survivors (6144K)
 Metaspace       used 126331K, capacity 130094K, committed 130636K, reserved 1163264K
  class space    used 15662K, capacity 17048K, committed 17228K, reserved 1048576K
}
Event: 4822.619 GC heap before
{Heap before GC invocations=134 (full 0):
 garbage-first heap   total 192512K, used 143552K [0x0000000080000000, 0x0000000100000000)
  region size 1024K, 57 young (58368K), 6 survivors (6144K)
 Metaspace       used 126475K, capacity 130184K, committed 130636K, reserved 1163264K
  class space    used 15670K, capacity 17055K, committed 17228K, reserved 1048576K
}
Event: 4822.688 GC heap after
{Heap after GC invocations=135 (full 0):
 garbage-first heap   total 192512K, used 92247K [0x0000000080000000, 0x0000000100000000)
  region size 1024K, 3 young (3072K), 3 survivors (3072K)
 Metaspace       used 126475K, capacity 130184K, committed 130636K, reserved 1163264K
  class space    used 15670K, capacity 17055K, committed 17228K, reserved 1048576K
}
Event: 4822.888 GC heap before
{Heap before GC invocations=135 (full 0):
 garbage-first heap   total 192512K, used 93271K [0x0000000080000000, 0x0000000100000000)
  region size 1024K, 6 young (6144K), 3 survivors (3072K)
 Metaspace       used 126499K, capacity 130260K, committed 130892K, reserved 1163264K
  class space    used 15671K, capacity 17057K, committed 17228K, reserved 1048576K
}
Event: 4822.914 GC heap after
{Heap after GC invocations=136 (full 0):
 garbage-first heap   total 192512K, used 90481K [0x0000000080000000, 0x0000000100000000)
  region size 1024K, 4 young (4096K), 4 survivors (4096K)
 Metaspace       used 126499K, capacity 130260K, committed 130892K, reserved 1163264K
  class space    used 15671K, capacity 17057K, committed 17228K, reserved 1048576K
}
Event: 4857.180 GC heap before
{Heap before GC invocations=137 (full 0):
 garbage-first heap   total 192512K, used 175473K [0x0000000080000000, 0x0000000100000000)
  region size 1024K, 59 young (60416K), 4 survivors (4096K)
 Metaspace       used 126652K, capacity 130267K, committed 130892K, reserved 1163264K
  class space    used 15676K, capacity 17057K, committed 17228K, reserved 1048576K
}
Event: 4857.331 GC heap after
{Heap after GC invocations=138 (full 0):
 garbage-first heap   total 192512K, used 94278K [0x0000000080000000, 0x0000000100000000)
  region size 1024K, 7 young (7168K), 7 survivors (7168K)
 Metaspace       used 126652K, capacity 130267K, committed 130892K, reserved 1163264K
  class space    used 15676K, capacity 17057K, committed 17228K, reserved 1048576K
}

Deoptimization events (20 events):
Event: 4855.416 Thread 0x0000027aba500000 DEOPT PACKING pc=0x0000027aa89f2a78 sp=0x000000ff69df8950
Event: 4855.416 Thread 0x0000027aba500000 DEOPT UNPACKING pc=0x0000027aa0ef83af sp=0x000000ff69df8910 mode 2
Event: 4855.417 Thread 0x0000027aba500000 Uncommon trap: trap_request=0xffffffd6 fr.pc=0x0000027aa89f2a78 relative=0x0000000000000e98
Event: 4855.417 Thread 0x0000027aba500000 Uncommon trap: reason=array_check action=maybe_recompile pc=0x0000027aa89f2a78 method=com.google.common.collect.RegularImmutableMap.fromEntryArray(I[Ljava/util/Map$Entry;)Lcom/google/common/collect/ImmutableMap; @ 157 c2
Event: 4855.417 Thread 0x0000027aba500000 DEOPT PACKING pc=0x0000027aa89f2a78 sp=0x000000ff69df8950
Event: 4855.417 Thread 0x0000027aba500000 DEOPT UNPACKING pc=0x0000027aa0ef83af sp=0x000000ff69df8910 mode 2
Event: 4855.418 Thread 0x0000027aba500000 Uncommon trap: trap_request=0xffffffd6 fr.pc=0x0000027aa89f2a78 relative=0x0000000000000e98
Event: 4855.418 Thread 0x0000027aba500000 Uncommon trap: reason=array_check action=maybe_recompile pc=0x0000027aa89f2a78 method=com.google.common.collect.RegularImmutableMap.fromEntryArray(I[Ljava/util/Map$Entry;)Lcom/google/common/collect/ImmutableMap; @ 157 c2
Event: 4855.418 Thread 0x0000027aba500000 DEOPT PACKING pc=0x0000027aa89f2a78 sp=0x000000ff69df8950
Event: 4855.418 Thread 0x0000027aba500000 DEOPT UNPACKING pc=0x0000027aa0ef83af sp=0x000000ff69df8910 mode 2
Event: 4855.887 Thread 0x0000027aba500000 Uncommon trap: trap_request=0xfffffff4 fr.pc=0x0000027aa990508c relative=0x000000000000014c
Event: 4855.887 Thread 0x0000027aba500000 Uncommon trap: reason=null_check action=make_not_entrant pc=0x0000027aa990508c method=org.gradle.api.internal.collections.CollectionFilter.filter(Ljava/lang/Object;)Ljava/lang/Object; @ 5 c2
Event: 4855.887 Thread 0x0000027aba500000 DEOPT PACKING pc=0x0000027aa990508c sp=0x000000ff69dfa5c0
Event: 4855.887 Thread 0x0000027aba500000 DEOPT UNPACKING pc=0x0000027aa0ef83af sp=0x000000ff69dfa560 mode 2
Event: 4856.400 Thread 0x0000027aba500000 DEOPT PACKING pc=0x0000027aa3bb0c3b sp=0x000000ff69df88f0
Event: 4856.400 Thread 0x0000027aba500000 DEOPT UNPACKING pc=0x0000027aa0f17c0e sp=0x000000ff69df7e30 mode 0
Event: 4857.348 Thread 0x0000027ab8210000 Uncommon trap: trap_request=0xffffffde fr.pc=0x0000027aa8b0b26c relative=0x000000000000052c
Event: 4857.352 Thread 0x0000027ab8210000 Uncommon trap: reason=class_check action=maybe_recompile pc=0x0000027aa8b0b26c method=jdk.internal.ref.PhantomCleanable.clean()V @ 12 c2
Event: 4857.352 Thread 0x0000027ab8210000 DEOPT PACKING pc=0x0000027aa8b0b26c sp=0x000000ff697ff5a0
Event: 4857.352 Thread 0x0000027ab8210000 DEOPT UNPACKING pc=0x0000027aa0ef83af sp=0x000000ff697ff580 mode 2

Classes redefined (0 events):
No events

Internal exceptions (20 events):
Event: 4820.530 Thread 0x0000027abae3d000 Exception <a 'sun/nio/fs/WindowsException'{0x0000000089a9c070}> (0x0000000089a9c070) thrown at [./src/hotspot/share/prims/jni.cpp, line 615]
Event: 4820.541 Thread 0x0000027abe9a9000 Exception <a 'sun/nio/fs/WindowsException'{0x0000000089943480}> (0x0000000089943480) thrown at [./src/hotspot/share/prims/jni.cpp, line 615]
Event: 4821.051 Thread 0x0000027ab9c35000 Exception <a 'sun/nio/fs/WindowsException'{0x0000000089887da8}> (0x0000000089887da8) thrown at [./src/hotspot/share/prims/jni.cpp, line 615]
Event: 4821.309 Thread 0x0000027ab9c35000 Exception <a 'sun/nio/fs/WindowsException'{0x000000008979af30}> (0x000000008979af30) thrown at [./src/hotspot/share/prims/jni.cpp, line 615]
Event: 4821.517 Thread 0x0000027aba500000 Implicit null exception at 0x0000027aa99afa18 to 0x0000027aa99afeec
Event: 4821.735 Thread 0x0000027aba500000 Exception <a 'sun/nio/fs/WindowsException'{0x00000000897cbde8}> (0x00000000897cbde8) thrown at [./src/hotspot/share/prims/jni.cpp, line 615]
Event: 4821.735 Thread 0x0000027aba500000 Exception <a 'sun/nio/fs/WindowsException'{0x00000000897cd708}> (0x00000000897cd708) thrown at [./src/hotspot/share/prims/jni.cpp, line 615]
Event: 4822.761 Thread 0x0000027abae3d000 Exception <a 'sun/nio/fs/WindowsException'{0x000000008ba01af0}> (0x000000008ba01af0) thrown at [./src/hotspot/share/prims/jni.cpp, line 615]
Event: 4822.761 Thread 0x0000027abae3d000 Exception <a 'sun/nio/fs/WindowsException'{0x000000008ba01c38}> (0x000000008ba01c38) thrown at [./src/hotspot/share/prims/jni.cpp, line 615]
Event: 4825.008 Thread 0x0000027aba500000 Exception <a 'sun/nio/fs/WindowsException'{0x000000008b931678}> (0x000000008b931678) thrown at [./src/hotspot/share/prims/jni.cpp, line 615]
Event: 4825.008 Thread 0x0000027aba500000 Exception <a 'sun/nio/fs/WindowsException'{0x000000008b9317e0}> (0x000000008b9317e0) thrown at [./src/hotspot/share/prims/jni.cpp, line 615]
Event: 4825.009 Thread 0x0000027aba500000 Exception <a 'sun/nio/fs/WindowsException'{0x000000008b933140}> (0x000000008b933140) thrown at [./src/hotspot/share/prims/jni.cpp, line 615]
Event: 4855.611 Thread 0x0000027aba500000 Exception <a 'sun/nio/fs/WindowsException'{0x0000000089e14f50}> (0x0000000089e14f50) thrown at [./src/hotspot/share/prims/jni.cpp, line 615]
Event: 4855.887 Thread 0x0000027aba500000 Implicit null exception at 0x0000027aa9904f77 to 0x0000027aa990507c
Event: 4855.933 Thread 0x0000027aba500000 Exception <a 'java/lang/NoClassDefFoundError'{0x0000000089b41430}: org/jetbrains/kotlin/gradle/plugin/KotlinBasePluginWrapper> (0x0000000089b41430) thrown at [./src/hotspot/share/oops/constantPool.cpp, line 775]
Event: 4856.082 Thread 0x0000027aba500000 Exception <a 'sun/nio/fs/WindowsException'{0x0000000089a653a0}> (0x0000000089a653a0) thrown at [./src/hotspot/share/prims/jni.cpp, line 615]
Event: 4856.276 Thread 0x0000027aba500000 Exception <a 'sun/nio/fs/WindowsException'{0x0000000089902700}> (0x0000000089902700) thrown at [./src/hotspot/share/prims/jni.cpp, line 615]
Event: 4856.282 Thread 0x0000027aba500000 Exception <a 'sun/nio/fs/WindowsException'{0x0000000089903968}> (0x0000000089903968) thrown at [./src/hotspot/share/prims/jni.cpp, line 615]
Event: 4856.282 Thread 0x0000027aba500000 Exception <a 'sun/nio/fs/WindowsException'{0x0000000089904c20}> (0x0000000089904c20) thrown at [./src/hotspot/share/prims/jni.cpp, line 615]
Event: 4856.282 Thread 0x0000027aba500000 Exception <a 'sun/nio/fs/WindowsException'{0x0000000089905ed8}> (0x0000000089905ed8) thrown at [./src/hotspot/share/prims/jni.cpp, line 615]

Events (20 events):
Event: 4857.058 Executing VM operation: RevokeBias
Event: 4857.059 Executing VM operation: RevokeBias done
Event: 4857.178 Executing VM operation: G1CollectForAllocation
Event: 4857.332 Executing VM operation: G1CollectForAllocation done
Event: 4857.335 Executing VM operation: RevokeBias
Event: 4857.336 Executing VM operation: RevokeBias done
Event: 4857.337 Executing VM operation: RevokeBias
Event: 4857.338 Executing VM operation: RevokeBias done
Event: 4857.338 Executing VM operation: RevokeBias
Event: 4857.338 Executing VM operation: RevokeBias done
Event: 4857.341 Executing VM operation: BulkRevokeBias
Event: 4857.345 Executing VM operation: BulkRevokeBias done
Event: 4857.484 Executing VM operation: RevokeBias
Event: 4857.485 Executing VM operation: RevokeBias done
Event: 4857.535 Executing VM operation: RevokeBias
Event: 4857.536 Executing VM operation: RevokeBias done
Event: 4857.536 Executing VM operation: RevokeBias
Event: 4857.536 Executing VM operation: RevokeBias done
Event: 4857.536 Executing VM operation: RevokeBias
Event: 4857.537 Executing VM operation: RevokeBias done


Dynamic libraries:
0x00007ff73c700000 - 0x00007ff73c70a000 	C:\Program Files\Android\Android Studio\jre\bin\java.exe
0x00007ffa1c830000 - 0x00007ffa1ca24000 	C:\Windows\SYSTEM32\ntdll.dll
0x00007ffa1bf70000 - 0x00007ffa1c02d000 	C:\Windows\System32\KERNEL32.DLL
0x00007ffa1a4d0000 - 0x00007ffa1a797000 	C:\Windows\System32\KERNELBASE.dll
0x00007ffa1a3d0000 - 0x00007ffa1a4d0000 	C:\Windows\System32\ucrtbase.dll
0x00007ffa0ad50000 - 0x00007ffa0ad67000 	C:\Program Files\Android\Android Studio\jre\bin\VCRUNTIME140.dll
0x00007ffa0bdd0000 - 0x00007ffa0bde9000 	C:\Program Files\Android\Android Studio\jre\bin\jli.dll
0x00007ffa1c030000 - 0x00007ffa1c1d0000 	C:\Windows\System32\USER32.dll
0x00007ffa1a7d0000 - 0x00007ffa1a7f2000 	C:\Windows\System32\win32u.dll
0x00007ffa1bdd0000 - 0x00007ffa1bdfa000 	C:\Windows\System32\GDI32.dll
0x00007ff9fd490000 - 0x00007ff9fd72a000 	C:\Windows\WinSxS\amd64_microsoft.windows.common-controls_6595b64144ccf1df_6.0.19041.1_none_b555e41d4684ddec\COMCTL32.dll
0x00007ffa1a090000 - 0x00007ffa1a199000 	C:\Windows\System32\gdi32full.dll
0x00007ffa1ab80000 - 0x00007ffa1ac1e000 	C:\Windows\System32\msvcrt.dll
0x00007ffa1a800000 - 0x00007ffa1a89d000 	C:\Windows\System32\msvcp_win.dll
0x00007ffa1bd90000 - 0x00007ffa1bdc0000 	C:\Windows\System32\IMM32.DLL
0x00007ff9f3a30000 - 0x00007ff9f3acd000 	C:\Program Files\Android\Android Studio\jre\bin\msvcp140.dll
0x00007ff99d3b0000 - 0x00007ff99de85000 	C:\Program Files\Android\Android Studio\jre\bin\server\jvm.dll
0x00007ffa1be00000 - 0x00007ffa1beaa000 	C:\Windows\System32\ADVAPI32.dll
0x00007ffa1bed0000 - 0x00007ffa1bf6b000 	C:\Windows\System32\sechost.dll
0x00007ffa1b650000 - 0x00007ffa1b773000 	C:\Windows\System32\RPCRT4.dll
0x00007ffa1c230000 - 0x00007ffa1c238000 	C:\Windows\System32\PSAPI.DLL
0x00007ff9f7ee0000 - 0x00007ff9f7f07000 	C:\Windows\SYSTEM32\WINMM.dll
0x00007ffa139a0000 - 0x00007ffa139aa000 	C:\Windows\SYSTEM32\VERSION.dll
0x00007ffa0aca0000 - 0x00007ffa0aca9000 	C:\Windows\SYSTEM32\WSOCK32.dll
0x00007ffa1bd20000 - 0x00007ffa1bd8b000 	C:\Windows\System32\WS2_32.dll
0x00007ffa18890000 - 0x00007ffa188a3000 	C:\Windows\SYSTEM32\kernel.appcore.dll
0x00007ff9ffbf0000 - 0x00007ff9ffc01000 	C:\Program Files\Android\Android Studio\jre\bin\verify.dll
0x00007ffa17e10000 - 0x00007ffa17ff4000 	C:\Windows\SYSTEM32\DBGHELP.DLL
0x00007ffa0cd60000 - 0x00007ffa0cd8c000 	C:\Windows\SYSTEM32\dbgcore.DLL
0x00007ffa1a1f0000 - 0x00007ffa1a26f000 	C:\Windows\System32\bcryptPrimitives.dll
0x00007ff9f4580000 - 0x00007ff9f45a9000 	C:\Program Files\Android\Android Studio\jre\bin\java.dll
0x00007ffa0aba0000 - 0x00007ffa0abab000 	C:\Program Files\Android\Android Studio\jre\bin\jimage.dll
0x00007ff9ff510000 - 0x00007ff9ff528000 	C:\Program Files\Android\Android Studio\jre\bin\zip.dll
0x00007ffa1af10000 - 0x00007ffa1b641000 	C:\Windows\System32\SHELL32.dll
0x00007ffa18000000 - 0x00007ffa1878a000 	C:\Windows\SYSTEM32\windows.storage.dll
0x00007ffa1c490000 - 0x00007ffa1c7e4000 	C:\Windows\System32\combase.dll
0x00007ffa19930000 - 0x00007ffa1995b000 	C:\Windows\SYSTEM32\Wldp.dll
0x00007ffa1a9f0000 - 0x00007ffa1aa9e000 	C:\Windows\System32\SHCORE.dll
0x00007ffa1aeb0000 - 0x00007ffa1af05000 	C:\Windows\System32\shlwapi.dll
0x00007ffa19ec0000 - 0x00007ffa19edf000 	C:\Windows\SYSTEM32\profapi.dll
0x00007ff9fbe40000 - 0x00007ff9fbe5a000 	C:\Program Files\Android\Android Studio\jre\bin\net.dll
0x00007ffa08150000 - 0x00007ffa08250000 	C:\Windows\SYSTEM32\WINHTTP.dll
0x00007ffa196b0000 - 0x00007ffa1971a000 	C:\Windows\system32\mswsock.dll
0x00007ff9fafe0000 - 0x00007ff9faff4000 	C:\Program Files\Android\Android Studio\jre\bin\nio.dll
0x00007ff9f4600000 - 0x00007ff9f4627000 	C:\Users\shubh\.gradle\native\e1d6ef7f7dcc3fd88c89a11ec53ec762bb8ba0a96d01ffa2cd45eb1d1d8dd5c5\windows-amd64\native-platform.dll
0x00007ff9f2330000 - 0x00007ff9f2474000 	C:\Users\shubh\.gradle\native\5664cfc778a61ccfe75a443a1ab52a65af34e5dc3c78e0209fed803814484fcb\windows-amd64\native-platform-file-events.dll
0x00007ffa0ab50000 - 0x00007ffa0ab5a000 	C:\Program Files\Android\Android Studio\jre\bin\management.dll
0x00007ffa0aae0000 - 0x00007ffa0aaed000 	C:\Program Files\Android\Android Studio\jre\bin\management_ext.dll
0x00007ffa19880000 - 0x00007ffa19898000 	C:\Windows\SYSTEM32\CRYPTSP.dll
0x00007ffa19040000 - 0x00007ffa19074000 	C:\Windows\system32\rsaenh.dll
0x00007ffa1a7a0000 - 0x00007ffa1a7c7000 	C:\Windows\System32\bcrypt.dll
0x00007ffa19e40000 - 0x00007ffa19e6e000 	C:\Windows\SYSTEM32\USERENV.dll
0x00007ffa198a0000 - 0x00007ffa198ac000 	C:\Windows\SYSTEM32\CRYPTBASE.dll
0x00007ffa193a0000 - 0x00007ffa193db000 	C:\Windows\SYSTEM32\IPHLPAPI.DLL
0x00007ffa1a930000 - 0x00007ffa1a939000 	C:\Windows\System32\NSI.dll
0x00007ffa0b310000 - 0x00007ffa0b327000 	C:\Windows\SYSTEM32\dhcpcsvc6.DLL
0x00007ffa0b4b0000 - 0x00007ffa0b4cd000 	C:\Windows\SYSTEM32\dhcpcsvc.DLL
0x00007ffa193e0000 - 0x00007ffa194aa000 	C:\Windows\SYSTEM32\DNSAPI.dll
0x00007ff9f35f0000 - 0x00007ff9f3617000 	C:\Program Files\Android\Android Studio\jre\bin\sunec.dll
0x00007ffa18cf0000 - 0x00007ffa18d23000 	C:\Windows\SYSTEM32\ntmarta.dll

dbghelp: loaded successfully - version: 4.0.5 - missing functions: none
symbol engine: initialized successfully - sym options: 0x614 - pdb path: .;C:\Program Files\Android\Android Studio\jre\bin;C:\Windows\SYSTEM32;C:\Windows\WinSxS\amd64_microsoft.windows.common-controls_6595b64144ccf1df_6.0.19041.1_none_b555e41d4684ddec;C:\Program Files\Android\Android Studio\jre\bin\server;C:\Users\shubh\.gradle\native\e1d6ef7f7dcc3fd88c89a11ec53ec762bb8ba0a96d01ffa2cd45eb1d1d8dd5c5\windows-amd64;C:\Users\shubh\.gradle\native\5664cfc778a61ccfe75a443a1ab52a65af34e5dc3c78e0209fed803814484fcb\windows-amd64

VM Arguments:
jvm_args: --add-opens=java.base/java.util=ALL-UNNAMED --add-opens=java.base/java.lang=ALL-UNNAMED --add-opens=java.base/java.lang.invoke=ALL-UNNAMED --add-opens=java.base/java.util=ALL-UNNAMED --add-opens=java.prefs/java.util.prefs=ALL-UNNAMED --add-opens=java.prefs/java.util.prefs=ALL-UNNAMED --add-opens=java.base/java.nio.charset=ALL-UNNAMED --add-opens=java.base/java.net=ALL-UNNAMED --add-opens=java.base/java.util.concurrent.atomic=ALL-UNNAMED -Xmx2048m -Dfile.encoding=UTF-8 -Duser.country=IN -Duser.language=en -Duser.variant 
java_command: org.gradle.launcher.daemon.bootstrap.GradleDaemon 7.2
java_class_path (initial): C:\Users\shubh\.gradle\wrapper\dists\gradle-7.2-bin\2dnblmf4td7x66yl1d74lt32g\gradle-7.2\lib\gradle-launcher-7.2.jar
Launcher Type: SUN_STANDARD

[Global flags]
     intx CICompilerCount                          = 3                                         {product} {ergonomic}
     uint ConcGCThreads                            = 1                                         {product} {ergonomic}
     uint G1ConcRefinementThreads                  = 4                                         {product} {ergonomic}
   size_t G1HeapRegionSize                         = 1048576                                   {product} {ergonomic}
    uintx GCDrainStackTargetSize                   = 64                                        {product} {ergonomic}
   size_t InitialHeapSize                          = 65011712                                  {product} {ergonomic}
   size_t MarkStackSize                            = 4194304                                   {product} {ergonomic}
   size_t MaxHeapSize                              = 2147483648                                {product} {command line}
   size_t MaxNewSize                               = 1287651328                                {product} {ergonomic}
   size_t MinHeapDeltaBytes                        = 1048576                                   {product} {ergonomic}
    uintx NonNMethodCodeHeapSize                   = 5830732                                {pd product} {ergonomic}
    uintx NonProfiledCodeHeapSize                  = 122913754                              {pd product} {ergonomic}
    uintx ProfiledCodeHeapSize                     = 122913754                              {pd product} {ergonomic}
    uintx ReservedCodeCacheSize                    = 251658240                              {pd product} {ergonomic}
     bool SegmentedCodeCache                       = true                                      {product} {ergonomic}
     bool UseCompressedClassPointers               = true                                 {lp64_product} {ergonomic}
     bool UseCompressedOops                        = true                                 {lp64_product} {ergonomic}
     bool UseG1GC                                  = true                                      {product} {ergonomic}
     bool UseLargePagesIndividualAllocation        = false                                  {pd product} {ergonomic}

Logging:
Log output configuration:
 #0: stdout all=warning uptime,level,tags
 #1: stderr all=off uptime,level,tags

Environment Variables:
PATH=C:\Program Files\Microsoft\jdk-11.0.12.7-hotspot\bin;C:\Program Files\Common Files\Oracle\Java\javapath;C:\Windows\system32;C:\Windows;C:\Windows\System32\Wbem;C:\Windows\System32\WindowsPowerShell\v1.0\;C:\Windows\System32\OpenSSH\;C:\Program Files\Git\cmd;C:\Program Files\MySQL\MySQL Shell 8.0\bin\;C:\Users\shubh\AppData\Local\Programs\Python\Python310\Scripts\;C:\Users\shubh\AppData\Local\Programs\Python\Python310\;C:\Users\shubh\AppData\Local\Microsoft\WindowsApps;;C:\Users\shubh\AppData\Local\Programs\Microsoft VS Code\bin
USERNAME=shubh
OS=Windows_NT
PROCESSOR_IDENTIFIER=Intel64 Family 6 Model 126 Stepping 5, GenuineIntel



---------------  S Y S T E M  ---------------

OS: Windows 10 , 64 bit Build 19041 (10.0.19041.207)
OS uptime: 1 days 10:35 hours

CPU:total 4 (initial active 4) (2 cores per cpu, 2 threads per core) family 6 model 126 stepping 5 microcode 0xa6, cmov, cx8, fxsr, mmx, sse, sse2, sse3, ssse3, sse4.1, sse4.2, popcnt, avx, avx2, aes, clmul, erms, 3dnowpref, lzcnt, ht, tsc, tscinvbit, bmi1, bmi2, adx, evex, sha, fma

Memory: 4k page, system-wide physical 3863M (63M free)
TotalPageFile size 15639M (AvailPageFile size 1M)
current process WorkingSet (physical memory assigned to process): 190M, peak: 415M
current process commit charge ("private bytes"): 571M, peak: 575M

vm_info: OpenJDK 64-Bit Server VM (11.0.11+9-b60-7590822) for windows-amd64 JRE (11.0.11+9-b60-7590822), built on Jul 29 2021 21:43:44 by "builder" with MS VC++ 14.0 (VS2015)

END.
