#
# There is insufficient memory for the Java Runtime Environment to continue.
# Native memory allocation (malloc) failed to allocate 724416 bytes for Chunk::new
# Possible reasons:
#   The system is out of physical RAM or swap space
#   The process is running with CompressedOops enabled, and the Java Heap may be blocking the growth of the native heap
# Possible solutions:
#   Reduce memory load on the system
#   Increase physical memory or swap space
#   Check if swap backing store is full
#   Decrease Java heap size (-Xmx/-Xms)
#   Decrease number of Java threads
#   Decrease Java thread stack sizes (-Xss)
#   Set larger code cache with -XX:ReservedCodeCacheSize=
#   JVM is running with Unscaled Compressed Oops mode in which the Java heap is
#     placed in the first 4GB address space. The Java Heap base address is the
#     maximum limit for the native heap growth. Please use -XX:HeapBaseMinAddress
#     to set the Java Heap base and to place the Java Heap above 4GB virtual address.
# This output file may be truncated or incomplete.
#
#  Out of Memory Error (./src/hotspot/share/memory/arena.cpp:197), pid=23184, tid=15972
#
# JRE version: OpenJDK Runtime Environment (11.0.12+7) (build 11.0.12+7-b1504.28-7817840)
# Java VM: OpenJDK 64-Bit Server VM (11.0.12+7-b1504.28-7817840, mixed mode, tiered, compressed oops, g1 gc, windows-amd64)
# No core dump will be written. Minidumps are not enabled by default on client versions of Windows
#

---------------  S U M M A R Y ------------

Command Line: --add-opens=java.base/java.util=ALL-UNNAMED --add-opens=java.base/java.lang=ALL-UNNAMED --add-opens=java.base/java.lang.invoke=ALL-UNNAMED --add-opens=java.base/java.util=ALL-UNNAMED --add-opens=java.prefs/java.util.prefs=ALL-UNNAMED --add-opens=java.prefs/java.util.prefs=ALL-UNNAMED --add-opens=java.base/java.nio.charset=ALL-UNNAMED --add-opens=java.base/java.net=ALL-UNNAMED --add-opens=java.base/java.util.concurrent.atomic=ALL-UNNAMED -Xmx2048m -Dfile.encoding=UTF-8 -Duser.country=IN -Duser.language=en -Duser.variant org.gradle.launcher.daemon.bootstrap.GradleDaemon 7.2

Host: Intel(R) Core(TM) i3-1005G1 CPU @ 1.20GHz, 4 cores, 3G,  Windows 10 , 64 bit Build 19041 (10.0.19041.207)
Time: Tue May 17 13:01:57 2022 India Standard Time elapsed time: 70.928122 seconds (0d 0h 1m 10s)

---------------  T H R E A D  ---------------

Current thread (0x0000027a6971c800):  JavaThread "C2 CompilerThread0" daemon [_thread_in_native, id=15972, stack(0x000000b3fd500000,0x000000b3fd600000)]


Current CompileTask:
C2:  70928 10059       4       org.gradle.internal.snapshot.impl.DefaultValueSnapshotter::processValue (675 bytes)

Stack: [0x000000b3fd500000,0x000000b3fd600000]
Native frames: (J=compiled Java code, j=interpreted, Vv=VM code, C=native code)
V  [jvm.dll+0x5fbcea]
V  [jvm.dll+0x731905]
V  [jvm.dll+0x732f1d]
V  [jvm.dll+0x7335d3]
V  [jvm.dll+0x247bf8]
V  [jvm.dll+0xc018c]
V  [jvm.dll+0xc06cc]
V  [jvm.dll+0x2bcc04]
V  [jvm.dll+0x5113a8]
V  [jvm.dll+0x201b42]
V  [jvm.dll+0x1ff71f]
V  [jvm.dll+0x18868c]
V  [jvm.dll+0x20e0d7]
V  [jvm.dll+0x20c901]
V  [jvm.dll+0x6f9b7f]
V  [jvm.dll+0x6f26a5]
V  [jvm.dll+0x5fabf6]
C  [ucrtbase.dll+0x21542]
C  [KERNEL32.DLL+0x16fd4]
C  [ntdll.dll+0x4cec1]


---------------  P R O C E S S  ---------------

Threads class SMR info:
_java_thread_list=0x0000027a6c698910, length=85, elements={
0x0000027a4f3c8800, 0x0000027a696bd800, 0x0000027a696bf000, 0x0000027a4f4ae000,
0x0000027a69719800, 0x0000027a6971a800, 0x0000027a6971c800, 0x0000027a69721800,
0x0000027a69737000, 0x0000027a6a1c1000, 0x0000027a6b2a5000, 0x0000027a6c0df800,
0x0000027a6b9f0000, 0x0000027a6b3e0800, 0x0000027a6b3e1000, 0x0000027a6b9b9800,
0x0000027a6b40d000, 0x0000027a6a132000, 0x0000027a6a3d8800, 0x0000027a6bb40000,
0x0000027a6bb42000, 0x0000027a6bb46000, 0x0000027a6bb41000, 0x0000027a6bb45000,
0x0000027a6bb46800, 0x0000027a6bb42800, 0x0000027a6bb43800, 0x0000027a6bb44800,
0x0000027a6dd60000, 0x0000027a6dd63800, 0x0000027a6dd62800, 0x0000027a6dd61000,
0x0000027a6dd5f800, 0x0000027a6dd66800, 0x0000027a6dd69000, 0x0000027a6dd6a000,
0x0000027a6dd6a800, 0x0000027a6dd68800, 0x0000027a6dd67800, 0x0000027a6dd66000,
0x0000027a6dd65000, 0x0000027a6dd6b800, 0x0000027a6dd6e000, 0x0000027a6dd6c800,
0x0000027a6dd6d000, 0x0000027a6c400000, 0x0000027a6c3fe000, 0x0000027a6c401800,
0x0000027a6c3fd800, 0x0000027a6c402000, 0x0000027a6c400800, 0x0000027a6c403000,
0x0000027a6c404000, 0x0000027a6c3ff000, 0x0000027a6c406800, 0x0000027a6c405800,
0x0000027a6c408000, 0x0000027a6c407000, 0x0000027a6c404800, 0x0000027a6c409000,
0x0000027a6c409800, 0x0000027a6c40a800, 0x0000027a6c40c000, 0x0000027a6c40b000,
0x0000027a6c310000, 0x0000027a6c312800, 0x0000027a6c30e800, 0x0000027a6c311800,
0x0000027a6c30f800, 0x0000027a6c30d800, 0x0000027a6c311000, 0x0000027a6c30d000,
0x0000027a6c319000, 0x0000027a6c316800, 0x0000027a6c314000, 0x0000027a6c318800,
0x0000027a6c317800, 0x0000027a6c313800, 0x0000027a6c31a800, 0x0000027a6c315000,
0x0000027a6c31b800, 0x0000027a6c316000, 0x0000027a6e9bd000, 0x0000027a6e9bb800,
0x0000027a6e9b8800
}

Java Threads: ( => current thread )
  0x0000027a4f3c8800 JavaThread "main" [_thread_blocked, id=8136, stack(0x000000b3fc900000,0x000000b3fca00000)]
  0x0000027a696bd800 JavaThread "Reference Handler" daemon [_thread_blocked, id=13332, stack(0x000000b3fd000000,0x000000b3fd100000)]
  0x0000027a696bf000 JavaThread "Finalizer" daemon [_thread_blocked, id=23628, stack(0x000000b3fd100000,0x000000b3fd200000)]
  0x0000027a4f4ae000 JavaThread "Signal Dispatcher" daemon [_thread_blocked, id=16068, stack(0x000000b3fd200000,0x000000b3fd300000)]
  0x0000027a69719800 JavaThread "Attach Listener" daemon [_thread_blocked, id=12660, stack(0x000000b3fd300000,0x000000b3fd400000)]
  0x0000027a6971a800 JavaThread "Service Thread" daemon [_thread_blocked, id=8948, stack(0x000000b3fd400000,0x000000b3fd500000)]
=>0x0000027a6971c800 JavaThread "C2 CompilerThread0" daemon [_thread_in_native, id=15972, stack(0x000000b3fd500000,0x000000b3fd600000)]
  0x0000027a69721800 JavaThread "C1 CompilerThread0" daemon [_thread_blocked, id=22480, stack(0x000000b3fd600000,0x000000b3fd700000)]
  0x0000027a69737000 JavaThread "Sweeper thread" daemon [_thread_blocked, id=14024, stack(0x000000b3fd700000,0x000000b3fd800000)]
  0x0000027a6a1c1000 JavaThread "Common-Cleaner" daemon [_thread_blocked, id=15308, stack(0x000000b3fd800000,0x000000b3fd900000)]
  0x0000027a6b2a5000 JavaThread "Daemon health stats" [_thread_blocked, id=19472, stack(0x000000b3fdb00000,0x000000b3fdc00000)]
  0x0000027a6c0df800 JavaThread "Incoming local TCP Connector on port 63409" [_thread_in_native, id=23128, stack(0x000000b3fdc00000,0x000000b3fdd00000)]
  0x0000027a6b9f0000 JavaThread "Daemon periodic checks" [_thread_blocked, id=20824, stack(0x000000b3fdd00000,0x000000b3fde00000)]
  0x0000027a6b3e0800 JavaThread "Daemon" [_thread_blocked, id=19064, stack(0x000000b3fde00000,0x000000b3fdf00000)]
  0x0000027a6b3e1000 JavaThread "Handler for socket connection from /127.0.0.1:63409 to /127.0.0.1:63417" [_thread_in_native, id=22560, stack(0x000000b3fdf00000,0x000000b3fe000000)]
  0x0000027a6b9b9800 JavaThread "Cancel handler" [_thread_blocked, id=7424, stack(0x000000b3fe000000,0x000000b3fe100000)]
  0x0000027a6b40d000 JavaThread "Daemon worker" [_thread_blocked, id=13876, stack(0x000000b3fe100000,0x000000b3fe200000)]
  0x0000027a6a132000 JavaThread "Asynchronous log dispatcher for DefaultDaemonConnection: socket connection from /127.0.0.1:63409 to /127.0.0.1:63417" [_thread_blocked, id=15576, stack(0x000000b3fe200000,0x000000b3fe300000)]
  0x0000027a6a3d8800 JavaThread "Stdin handler" [_thread_blocked, id=22636, stack(0x000000b3fe300000,0x000000b3fe400000)]
  0x0000027a6bb40000 JavaThread "Daemon client event forwarder" [_thread_blocked, id=20548, stack(0x000000b3fe400000,0x000000b3fe500000)]
  0x0000027a6bb42000 JavaThread "Cache worker for journal cache (C:\Users\shubh\.gradle\caches\journal-1)" [_thread_blocked, id=14028, stack(0x000000b3fe700000,0x000000b3fe800000)]
  0x0000027a6bb46000 JavaThread "File lock request listener" [_thread_in_native, id=2128, stack(0x000000b3fe800000,0x000000b3fe900000)]
  0x0000027a6bb41000 JavaThread "Cache worker for file hash cache (C:\Users\shubh\.gradle\caches\7.2\fileHashes)" [_thread_blocked, id=22148, stack(0x000000b3fe900000,0x000000b3fea00000)]
  0x0000027a6bb45000 JavaThread "Cache worker for file hash cache (C:\Users\shubh\AndroidStudioProjects\Medi3\.gradle\7.2\fileHashes)" [_thread_blocked, id=19240, stack(0x000000b3fea00000,0x000000b3feb00000)]
  0x0000027a6bb46800 JavaThread "File watcher server" daemon [_thread_in_vm, id=17844, stack(0x000000b3feb00000,0x000000b3fec00000)]
  0x0000027a6bb42800 JavaThread "File watcher consumer" daemon [_thread_blocked, id=23880, stack(0x000000b3fec00000,0x000000b3fed00000)]
  0x0000027a6bb43800 JavaThread "Cache worker for checksums cache (C:\Users\shubh\AndroidStudioProjects\Medi3\.gradle\checksums)" [_thread_blocked, id=13996, stack(0x000000b3fed00000,0x000000b3fee00000)]
  0x0000027a6bb44800 JavaThread "Cache worker for cache directory md-supplier (C:\Users\shubh\.gradle\caches\7.2\md-supplier)" [_thread_blocked, id=21372, stack(0x000000b3fee00000,0x000000b3fef00000)]
  0x0000027a6dd60000 JavaThread "Cache worker for cache directory md-rule (C:\Users\shubh\.gradle\caches\7.2\md-rule)" [_thread_blocked, id=8584, stack(0x000000b3fef00000,0x000000b3ff000000)]
  0x0000027a6dd63800 JavaThread "Cache worker for execution history cache (C:\Users\shubh\.gradle\caches\7.2\executionHistory)" [_thread_blocked, id=20748, stack(0x000000b3ff000000,0x000000b3ff100000)]
  0x0000027a6dd62800 JavaThread "jar transforms" [_thread_blocked, id=8652, stack(0x000000b3ff100000,0x000000b3ff200000)]
  0x0000027a6dd61000 JavaThread "Cache worker for file content cache (C:\Users\shubh\.gradle\caches\7.2\fileContent)" [_thread_blocked, id=3104, stack(0x000000b3ff200000,0x000000b3ff300000)]
  0x0000027a6dd5f800 JavaThread "jar transforms Thread 2" [_thread_blocked, id=20000, stack(0x000000b3ff300000,0x000000b3ff400000)]
  0x0000027a6dd66800 JavaThread "Cache worker for dependencies-accessors (C:\Users\shubh\AndroidStudioProjects\Medi3\.gradle\7.2\dependencies-accessors)" [_thread_blocked, id=23948, stack(0x000000b3ff400000,0x000000b3ff500000)]
  0x0000027a6dd69000 JavaThread "jar transforms Thread 3" [_thread_blocked, id=11196, stack(0x000000b3ff500000,0x000000b3ff600000)]
  0x0000027a6dd6a000 JavaThread "Cache worker for Build Output Cleanup Cache (C:\Users\shubh\AndroidStudioProjects\Medi3\.gradle\buildOutputCleanup)" [_thread_blocked, id=12708, stack(0x000000b3ff600000,0x000000b3ff700000)]
  0x0000027a6dd6a800 JavaThread "Unconstrained build operations" [_thread_blocked, id=10724, stack(0x000000b3fc800000,0x000000b3fc900000)]
  0x0000027a6dd68800 JavaThread "Unconstrained build operations Thread 2" [_thread_blocked, id=15480, stack(0x000000b3ff700000,0x000000b3ff800000)]
  0x0000027a6dd67800 JavaThread "Unconstrained build operations Thread 3" [_thread_blocked, id=17928, stack(0x000000b3ff800000,0x000000b3ff900000)]
  0x0000027a6dd66000 JavaThread "Unconstrained build operations Thread 4" [_thread_blocked, id=6184, stack(0x000000b3ff900000,0x000000b3ffa00000)]
  0x0000027a6dd65000 JavaThread "Unconstrained build operations Thread 5" [_thread_blocked, id=21852, stack(0x000000b3ffa00000,0x000000b3ffb00000)]
  0x0000027a6dd6b800 JavaThread "Unconstrained build operations Thread 6" [_thread_blocked, id=21212, stack(0x000000b3ffb00000,0x000000b3ffc00000)]
  0x0000027a6dd6e000 JavaThread "Unconstrained build operations Thread 7" [_thread_blocked, id=12780, stack(0x000000b3ffc00000,0x000000b3ffd00000)]
  0x0000027a6dd6c800 JavaThread "Unconstrained build operations Thread 8" [_thread_blocked, id=14916, stack(0x000000b3ffd00000,0x000000b3ffe00000)]
  0x0000027a6dd6d000 JavaThread "Unconstrained build operations Thread 9" [_thread_blocked, id=12480, stack(0x000000b3ffe00000,0x000000b3fff00000)]
  0x0000027a6c400000 JavaThread "Unconstrained build operations Thread 10" [_thread_blocked, id=17620, stack(0x000000b3fff00000,0x000000b400000000)]
  0x0000027a6c3fe000 JavaThread "Unconstrained build operations Thread 11" [_thread_blocked, id=320, stack(0x000000b380000000,0x000000b380100000)]
  0x0000027a6c401800 JavaThread "Unconstrained build operations Thread 12" [_thread_blocked, id=20188, stack(0x000000b380100000,0x000000b380200000)]
  0x0000027a6c3fd800 JavaThread "Unconstrained build operations Thread 13" [_thread_blocked, id=23496, stack(0x000000b380200000,0x000000b380300000)]
  0x0000027a6c402000 JavaThread "Unconstrained build operations Thread 14" [_thread_blocked, id=1404, stack(0x000000b380300000,0x000000b380400000)]
  0x0000027a6c400800 JavaThread "Unconstrained build operations Thread 15" [_thread_in_native, id=3900, stack(0x000000b380400000,0x000000b380500000)]
  0x0000027a6c403000 JavaThread "Unconstrained build operations Thread 16" [_thread_blocked, id=20540, stack(0x000000b380500000,0x000000b380600000)]
  0x0000027a6c404000 JavaThread "Unconstrained build operations Thread 17" [_thread_blocked, id=16024, stack(0x000000b380600000,0x000000b380700000)]
  0x0000027a6c3ff000 JavaThread "Unconstrained build operations Thread 18" [_thread_blocked, id=4936, stack(0x000000b380700000,0x000000b380800000)]
  0x0000027a6c406800 JavaThread "Unconstrained build operations Thread 19" [_thread_blocked, id=18348, stack(0x000000b380800000,0x000000b380900000)]
  0x0000027a6c405800 JavaThread "Unconstrained build operations Thread 20" [_thread_blocked, id=7848, stack(0x000000b380900000,0x000000b380a00000)]
  0x0000027a6c408000 JavaThread "Unconstrained build operations Thread 21" [_thread_blocked, id=23544, stack(0x000000b380a00000,0x000000b380b00000)]
  0x0000027a6c407000 JavaThread "Unconstrained build operations Thread 22" [_thread_blocked, id=8264, stack(0x000000b380b00000,0x000000b380c00000)]
  0x0000027a6c404800 JavaThread "Unconstrained build operations Thread 23" [_thread_blocked, id=19720, stack(0x000000b380c00000,0x000000b380d00000)]
  0x0000027a6c409000 JavaThread "Unconstrained build operations Thread 24" [_thread_blocked, id=2120, stack(0x000000b380d00000,0x000000b380e00000)]
  0x0000027a6c409800 JavaThread "Unconstrained build operations Thread 25" [_thread_blocked, id=9444, stack(0x000000b380e00000,0x000000b380f00000)]
  0x0000027a6c40a800 JavaThread "Unconstrained build operations Thread 26" [_thread_blocked, id=11300, stack(0x000000b380f00000,0x000000b381000000)]
  0x0000027a6c40c000 JavaThread "Unconstrained build operations Thread 27" [_thread_blocked, id=16940, stack(0x000000b381000000,0x000000b381100000)]
  0x0000027a6c40b000 JavaThread "Unconstrained build operations Thread 28" [_thread_blocked, id=22460, stack(0x000000b381100000,0x000000b381200000)]
  0x0000027a6c310000 JavaThread "Unconstrained build operations Thread 29" [_thread_blocked, id=22052, stack(0x000000b381200000,0x000000b381300000)]
  0x0000027a6c312800 JavaThread "Unconstrained build operations Thread 30" [_thread_blocked, id=12792, stack(0x000000b381300000,0x000000b381400000)]
  0x0000027a6c30e800 JavaThread "Unconstrained build operations Thread 31" [_thread_blocked, id=18468, stack(0x000000b381400000,0x000000b381500000)]
  0x0000027a6c311800 JavaThread "Unconstrained build operations Thread 32" [_thread_blocked, id=11556, stack(0x000000b381500000,0x000000b381600000)]
  0x0000027a6c30f800 JavaThread "Unconstrained build operations Thread 33" [_thread_blocked, id=21012, stack(0x000000b381600000,0x000000b381700000)]
  0x0000027a6c30d800 JavaThread "Unconstrained build operations Thread 34" [_thread_blocked, id=21972, stack(0x000000b381700000,0x000000b381800000)]
  0x0000027a6c311000 JavaThread "Unconstrained build operations Thread 35" [_thread_in_native, id=17008, stack(0x000000b381800000,0x000000b381900000)]
  0x0000027a6c30d000 JavaThread "Unconstrained build operations Thread 36" [_thread_blocked, id=12104, stack(0x000000b381900000,0x000000b381a00000)]
  0x0000027a6c319000 JavaThread "Unconstrained build operations Thread 37" [_thread_blocked, id=20104, stack(0x000000b381a00000,0x000000b381b00000)]
  0x0000027a6c316800 JavaThread "Unconstrained build operations Thread 38" [_thread_blocked, id=17188, stack(0x000000b381b00000,0x000000b381c00000)]
  0x0000027a6c314000 JavaThread "Unconstrained build operations Thread 39" [_thread_blocked, id=10264, stack(0x000000b381c00000,0x000000b381d00000)]
  0x0000027a6c318800 JavaThread "Unconstrained build operations Thread 40" [_thread_blocked, id=22120, stack(0x000000b381d00000,0x000000b381e00000)]
  0x0000027a6c317800 JavaThread "jar transforms Thread 4" [_thread_blocked, id=21548, stack(0x000000b381e00000,0x000000b381f00000)]
  0x0000027a6c313800 JavaThread "Memory manager" [_thread_blocked, id=23040, stack(0x000000b381f00000,0x000000b382000000)]
  0x0000027a6c31a800 JavaThread "build event listener" [_thread_blocked, id=1320, stack(0x000000b382200000,0x000000b382300000)]
  0x0000027a6c315000 JavaThread "pool-3-thread-1" [_thread_blocked, id=15564, stack(0x000000b382300000,0x000000b382400000)]
  0x0000027a6c31b800 JavaThread "build event listener" [_thread_blocked, id=17080, stack(0x000000b382400000,0x000000b382500000)]
  0x0000027a6c316000 JavaThread "Execution worker for ':'" [_thread_blocked, id=14712, stack(0x000000b382500000,0x000000b382600000)]
  0x0000027a6e9bd000 JavaThread "Execution worker for ':' Thread 2" [_thread_blocked, id=11124, stack(0x000000b382600000,0x000000b382700000)]
  0x0000027a6e9bb800 JavaThread "Execution worker for ':' Thread 3" [_thread_blocked, id=13044, stack(0x000000b382700000,0x000000b382800000)]
  0x0000027a6e9b8800 JavaThread "Cache worker for execution history cache (C:\Users\shubh\AndroidStudioProjects\Medi3\.gradle\7.2\executionHistory)" [_thread_blocked, id=5016, stack(0x000000b382800000,0x000000b382900000)]

Other Threads:
  0x0000027a696bb000 VMThread "VM Thread" [stack: 0x000000b3fcf00000,0x000000b3fd000000] [id=5080]
  0x0000027a6a1e8000 WatcherThread [stack: 0x000000b3fd900000,0x000000b3fda00000] [id=6968]
  0x0000027a4f3e1000 GCTaskThread "GC Thread#0" [stack: 0x000000b3fca00000,0x000000b3fcb00000] [id=19916]
  0x0000027a6a443000 GCTaskThread "GC Thread#1" [stack: 0x000000b3fda00000,0x000000b3fdb00000] [id=15352]
  0x0000027a6bc4c000 GCTaskThread "GC Thread#2" [stack: 0x000000b3fe500000,0x000000b3fe600000] [id=18900]
  0x0000027a6ae67800 GCTaskThread "GC Thread#3" [stack: 0x000000b3fe600000,0x000000b3fe700000] [id=21196]
  0x0000027a4f413800 ConcurrentGCThread "G1 Main Marker" [stack: 0x000000b3fcb00000,0x000000b3fcc00000] [id=24092]
  0x0000027a4f414800 ConcurrentGCThread "G1 Conc#0" [stack: 0x000000b3fcc00000,0x000000b3fcd00000] [id=22144]
  0x0000027a4f46d000 ConcurrentGCThread "G1 Refine#0" [stack: 0x000000b3fcd00000,0x000000b3fce00000] [id=2176]
  0x0000027a4f46e000 ConcurrentGCThread "G1 Young RemSet Sampling" [stack: 0x000000b3fce00000,0x000000b3fcf00000] [id=7932]

Threads with active compile tasks:
C2 CompilerThread0  71165 10059       4       org.gradle.internal.snapshot.impl.DefaultValueSnapshotter::processValue (675 bytes)

VM state:not at safepoint (normal execution)

VM Mutex/Monitor currently owned by a thread: None

Heap address: 0x0000000080000000, size: 2048 MB, Compressed Oops mode: 32-bit
Narrow klass base: 0x0000000000000000, Narrow klass shift: 3
Compressed class space size: 1073741824 Address: 0x0000000100000000

Heap:
 garbage-first heap   total 161792K, used 94432K [0x0000000080000000, 0x0000000100000000)
  region size 1024K, 27 young (27648K), 6 survivors (6144K)
 Metaspace       used 84366K, capacity 86394K, committed 86524K, reserved 1124352K
  class space    used 10839K, capacity 11600K, committed 11648K, reserved 1048576K
Heap Regions: E=young(eden), S=young(survivor), O=old, HS=humongous(starts), HC=humongous(continues), CS=collection set, F=free, A=archive, TAMS=top-at-mark-start (previous, next)
|   0|0x0000000080000000, 0x0000000080100000, 0x0000000080100000|100%| O|  |TAMS 0x0000000080100000, 0x0000000080000000| Untracked 
|   1|0x0000000080100000, 0x0000000080200000, 0x0000000080200000|100%| O|  |TAMS 0x0000000080200000, 0x0000000080100000| Untracked 
|   2|0x0000000080200000, 0x0000000080300000, 0x0000000080300000|100%| O|  |TAMS 0x0000000080300000, 0x0000000080200000| Untracked 
|   3|0x0000000080300000, 0x0000000080400000, 0x0000000080400000|100%|HS|  |TAMS 0x0000000080400000, 0x0000000080300000| Complete 
|   4|0x0000000080400000, 0x0000000080500000, 0x0000000080500000|100%|HC|  |TAMS 0x0000000080500000, 0x0000000080400000| Complete 
|   5|0x0000000080500000, 0x0000000080600000, 0x0000000080600000|100%|HC|  |TAMS 0x0000000080600000, 0x0000000080500000| Complete 
|   6|0x0000000080600000, 0x0000000080700000, 0x0000000080700000|100%| O|  |TAMS 0x0000000080700000, 0x0000000080600000| Untracked 
|   7|0x0000000080700000, 0x00000000807ffff8, 0x0000000080800000| 99%| O|  |TAMS 0x00000000807ffff8, 0x0000000080700000| Untracked 
|   8|0x0000000080800000, 0x0000000080900000, 0x0000000080900000|100%| O|  |TAMS 0x0000000080900000, 0x0000000080800000| Untracked 
|   9|0x0000000080900000, 0x0000000080a00000, 0x0000000080a00000|100%| O|  |TAMS 0x0000000080a00000, 0x0000000080900000| Untracked 
|  10|0x0000000080a00000, 0x0000000080b00000, 0x0000000080b00000|100%| O|  |TAMS 0x0000000080b00000, 0x0000000080a00000| Untracked 
|  11|0x0000000080b00000, 0x0000000080c00000, 0x0000000080c00000|100%| O|  |TAMS 0x0000000080c00000, 0x0000000080b00000| Untracked 
|  12|0x0000000080c00000, 0x0000000080d00000, 0x0000000080d00000|100%| O|  |TAMS 0x0000000080d00000, 0x0000000080c00000| Untracked 
|  13|0x0000000080d00000, 0x0000000080e00000, 0x0000000080e00000|100%| O|  |TAMS 0x0000000080e00000, 0x0000000080d00000| Untracked 
|  14|0x0000000080e00000, 0x0000000080f00000, 0x0000000080f00000|100%| O|  |TAMS 0x0000000080f00000, 0x0000000080e00000| Untracked 
|  15|0x0000000080f00000, 0x0000000081000000, 0x0000000081000000|100%| O|  |TAMS 0x0000000081000000, 0x0000000080f00000| Untracked 
|  16|0x0000000081000000, 0x0000000081100000, 0x0000000081100000|100%| O|  |TAMS 0x0000000081100000, 0x0000000081000000| Untracked 
|  17|0x0000000081100000, 0x0000000081200000, 0x0000000081200000|100%| O|  |TAMS 0x0000000081200000, 0x0000000081100000| Untracked 
|  18|0x0000000081200000, 0x0000000081300000, 0x0000000081300000|100%| O|  |TAMS 0x0000000081300000, 0x0000000081200000| Untracked 
|  19|0x0000000081300000, 0x0000000081400000, 0x0000000081400000|100%| O|  |TAMS 0x0000000081400000, 0x0000000081300000| Untracked 
|  20|0x0000000081400000, 0x0000000081500000, 0x0000000081500000|100%| O|  |TAMS 0x0000000081500000, 0x0000000081400000| Untracked 
|  21|0x0000000081500000, 0x0000000081600000, 0x0000000081600000|100%| O|  |TAMS 0x0000000081600000, 0x0000000081500000| Untracked 
|  22|0x0000000081600000, 0x0000000081700000, 0x0000000081700000|100%| O|  |TAMS 0x0000000081700000, 0x0000000081600000| Untracked 
|  23|0x0000000081700000, 0x0000000081800000, 0x0000000081800000|100%| O|  |TAMS 0x0000000081800000, 0x0000000081700000| Untracked 
|  24|0x0000000081800000, 0x0000000081900000, 0x0000000081900000|100%| O|  |TAMS 0x0000000081900000, 0x0000000081800000| Untracked 
|  25|0x0000000081900000, 0x0000000081a00000, 0x0000000081a00000|100%| O|  |TAMS 0x0000000081a00000, 0x0000000081900000| Untracked 
|  26|0x0000000081a00000, 0x0000000081b00000, 0x0000000081b00000|100%| O|  |TAMS 0x0000000081b00000, 0x0000000081a00000| Untracked 
|  27|0x0000000081b00000, 0x0000000081c00000, 0x0000000081c00000|100%| O|  |TAMS 0x0000000081c00000, 0x0000000081b00000| Untracked 
|  28|0x0000000081c00000, 0x0000000081d00000, 0x0000000081d00000|100%| O|  |TAMS 0x0000000081d00000, 0x0000000081c00000| Untracked 
|  29|0x0000000081d00000, 0x0000000081e00000, 0x0000000081e00000|100%| O|  |TAMS 0x0000000081e00000, 0x0000000081d00000| Untracked 
|  30|0x0000000081e00000, 0x0000000081f00000, 0x0000000081f00000|100%| O|  |TAMS 0x0000000081f00000, 0x0000000081e00000| Untracked 
|  31|0x0000000081f00000, 0x0000000082000000, 0x0000000082000000|100%|HS|  |TAMS 0x0000000082000000, 0x0000000081f00000| Complete 
|  32|0x0000000082000000, 0x0000000082100000, 0x0000000082100000|100%|HS|  |TAMS 0x0000000082100000, 0x0000000082000000| Complete 
|  33|0x0000000082100000, 0x0000000082200000, 0x0000000082200000|100%|HS|  |TAMS 0x0000000082200000, 0x0000000082100000| Complete 
|  34|0x0000000082200000, 0x0000000082300000, 0x0000000082300000|100%| O|  |TAMS 0x0000000082300000, 0x0000000082200000| Untracked 
|  35|0x0000000082300000, 0x0000000082400000, 0x0000000082400000|100%| O|  |TAMS 0x0000000082400000, 0x0000000082300000| Untracked 
|  36|0x0000000082400000, 0x0000000082500000, 0x0000000082500000|100%|HS|  |TAMS 0x0000000082500000, 0x0000000082400000| Complete 
|  37|0x0000000082500000, 0x0000000082600000, 0x0000000082600000|100%|HC|  |TAMS 0x0000000082600000, 0x0000000082500000| Complete 
|  38|0x0000000082600000, 0x0000000082700000, 0x0000000082700000|100%| O|  |TAMS 0x0000000082700000, 0x0000000082600000| Untracked 
|  39|0x0000000082700000, 0x0000000082800000, 0x0000000082800000|100%| O|  |TAMS 0x0000000082800000, 0x0000000082700000| Untracked 
|  40|0x0000000082800000, 0x0000000082900000, 0x0000000082900000|100%| O|  |TAMS 0x0000000082900000, 0x0000000082800000| Untracked 
|  41|0x0000000082900000, 0x0000000082a00000, 0x0000000082a00000|100%| O|  |TAMS 0x0000000082a00000, 0x0000000082900000| Untracked 
|  42|0x0000000082a00000, 0x0000000082b00000, 0x0000000082b00000|100%| O|  |TAMS 0x0000000082b00000, 0x0000000082a00000| Untracked 
|  43|0x0000000082b00000, 0x0000000082c00000, 0x0000000082c00000|100%| O|  |TAMS 0x0000000082c00000, 0x0000000082b00000| Untracked 
|  44|0x0000000082c00000, 0x0000000082d00000, 0x0000000082d00000|100%| O|  |TAMS 0x0000000082d00000, 0x0000000082c00000| Untracked 
|  45|0x0000000082d00000, 0x0000000082e00000, 0x0000000082e00000|100%| O|  |TAMS 0x0000000082e00000, 0x0000000082d00000| Untracked 
|  46|0x0000000082e00000, 0x0000000082f00000, 0x0000000082f00000|100%| O|  |TAMS 0x0000000082f00000, 0x0000000082e00000| Untracked 
|  47|0x0000000082f00000, 0x0000000083000000, 0x0000000083000000|100%| O|  |TAMS 0x0000000083000000, 0x0000000082f00000| Untracked 
|  48|0x0000000083000000, 0x0000000083100000, 0x0000000083100000|100%| O|  |TAMS 0x0000000083100000, 0x0000000083000000| Untracked 
|  49|0x0000000083100000, 0x0000000083200000, 0x0000000083200000|100%| O|  |TAMS 0x0000000083200000, 0x0000000083100000| Untracked 
|  50|0x0000000083200000, 0x0000000083300000, 0x0000000083300000|100%| O|  |TAMS 0x0000000083300000, 0x0000000083200000| Untracked 
|  51|0x0000000083300000, 0x0000000083400000, 0x0000000083400000|100%| O|  |TAMS 0x0000000083400000, 0x0000000083300000| Untracked 
|  52|0x0000000083400000, 0x0000000083500000, 0x0000000083500000|100%| O|  |TAMS 0x0000000083500000, 0x0000000083400000| Untracked 
|  53|0x0000000083500000, 0x0000000083600000, 0x0000000083600000|100%| O|  |TAMS 0x0000000083600000, 0x0000000083500000| Untracked 
|  54|0x0000000083600000, 0x0000000083700000, 0x0000000083700000|100%| O|  |TAMS 0x0000000083700000, 0x0000000083600000| Untracked 
|  55|0x0000000083700000, 0x0000000083800000, 0x0000000083800000|100%| O|  |TAMS 0x0000000083800000, 0x0000000083700000| Untracked 
|  56|0x0000000083800000, 0x0000000083900000, 0x0000000083900000|100%| O|  |TAMS 0x0000000083900000, 0x0000000083800000| Untracked 
|  57|0x0000000083900000, 0x0000000083a00000, 0x0000000083a00000|100%| O|  |TAMS 0x0000000083a00000, 0x0000000083900000| Untracked 
|  58|0x0000000083a00000, 0x0000000083b00000, 0x0000000083b00000|100%| O|  |TAMS 0x0000000083b00000, 0x0000000083a00000| Untracked 
|  59|0x0000000083b00000, 0x0000000083c00000, 0x0000000083c00000|100%| O|  |TAMS 0x0000000083c00000, 0x0000000083b00000| Untracked 
|  60|0x0000000083c00000, 0x0000000083d00000, 0x0000000083d00000|100%| O|  |TAMS 0x0000000083d00000, 0x0000000083c00000| Untracked 
|  61|0x0000000083d00000, 0x0000000083e00000, 0x0000000083e00000|100%| O|  |TAMS 0x0000000083e00000, 0x0000000083d00000| Untracked 
|  62|0x0000000083e00000, 0x0000000083f00000, 0x0000000083f00000|100%| O|  |TAMS 0x0000000083f00000, 0x0000000083e00000| Untracked 
|  63|0x0000000083f00000, 0x0000000084000000, 0x0000000084000000|100%| O|  |TAMS 0x0000000084000000, 0x0000000083f00000| Untracked 
|  64|0x0000000084000000, 0x0000000084100000, 0x0000000084100000|100%| O|  |TAMS 0x0000000084100000, 0x0000000084000000| Untracked 
|  65|0x0000000084100000, 0x0000000084200000, 0x0000000084200000|100%| O|  |TAMS 0x0000000084200000, 0x0000000084100000| Untracked 
|  66|0x0000000084200000, 0x0000000084238400, 0x0000000084300000| 21%| O|  |TAMS 0x0000000084238400, 0x0000000084200000| Untracked 
|  67|0x0000000084300000, 0x0000000084300000, 0x0000000084400000|  0%| F|  |TAMS 0x0000000084300000, 0x0000000084300000| Untracked 
|  68|0x0000000084400000, 0x0000000084400000, 0x0000000084500000|  0%| F|  |TAMS 0x0000000084400000, 0x0000000084400000| Untracked 
|  69|0x0000000084500000, 0x0000000084500000, 0x0000000084600000|  0%| F|  |TAMS 0x0000000084500000, 0x0000000084500000| Untracked 
|  70|0x0000000084600000, 0x0000000084600000, 0x0000000084700000|  0%| F|  |TAMS 0x0000000084600000, 0x0000000084600000| Untracked 
|  71|0x0000000084700000, 0x0000000084700000, 0x0000000084800000|  0%| F|  |TAMS 0x0000000084700000, 0x0000000084700000| Untracked 
|  72|0x0000000084800000, 0x0000000084800000, 0x0000000084900000|  0%| F|  |TAMS 0x0000000084800000, 0x0000000084800000| Untracked 
|  73|0x0000000084900000, 0x0000000084900000, 0x0000000084a00000|  0%| F|  |TAMS 0x0000000084900000, 0x0000000084900000| Untracked 
|  74|0x0000000084a00000, 0x0000000084a00000, 0x0000000084b00000|  0%| F|  |TAMS 0x0000000084a00000, 0x0000000084a00000| Untracked 
|  75|0x0000000084b00000, 0x0000000084b00000, 0x0000000084c00000|  0%| F|  |TAMS 0x0000000084b00000, 0x0000000084b00000| Untracked 
|  76|0x0000000084c00000, 0x0000000084c00000, 0x0000000084d00000|  0%| F|  |TAMS 0x0000000084c00000, 0x0000000084c00000| Untracked 
|  77|0x0000000084d00000, 0x0000000084d00000, 0x0000000084e00000|  0%| F|  |TAMS 0x0000000084d00000, 0x0000000084d00000| Untracked 
|  78|0x0000000084e00000, 0x0000000084e00000, 0x0000000084f00000|  0%| F|  |TAMS 0x0000000084e00000, 0x0000000084e00000| Untracked 
|  79|0x0000000084f00000, 0x0000000084f00000, 0x0000000085000000|  0%| F|  |TAMS 0x0000000084f00000, 0x0000000084f00000| Untracked 
|  80|0x0000000085000000, 0x0000000085000000, 0x0000000085100000|  0%| F|  |TAMS 0x0000000085000000, 0x0000000085000000| Untracked 
|  81|0x0000000085100000, 0x0000000085100000, 0x0000000085200000|  0%| F|  |TAMS 0x0000000085100000, 0x0000000085100000| Untracked 
|  82|0x0000000085200000, 0x0000000085200000, 0x0000000085300000|  0%| F|  |TAMS 0x0000000085200000, 0x0000000085200000| Untracked 
|  83|0x0000000085300000, 0x0000000085300000, 0x0000000085400000|  0%| F|  |TAMS 0x0000000085300000, 0x0000000085300000| Untracked 
|  84|0x0000000085400000, 0x0000000085400000, 0x0000000085500000|  0%| F|  |TAMS 0x0000000085400000, 0x0000000085400000| Untracked 
|  85|0x0000000085500000, 0x0000000085500000, 0x0000000085600000|  0%| F|  |TAMS 0x0000000085500000, 0x0000000085500000| Untracked 
|  86|0x0000000085600000, 0x0000000085600000, 0x0000000085700000|  0%| F|  |TAMS 0x0000000085600000, 0x0000000085600000| Untracked 
|  87|0x0000000085700000, 0x0000000085700000, 0x0000000085800000|  0%| F|  |TAMS 0x0000000085700000, 0x0000000085700000| Untracked 
|  88|0x0000000085800000, 0x0000000085800000, 0x0000000085900000|  0%| F|  |TAMS 0x0000000085800000, 0x0000000085800000| Untracked 
|  89|0x0000000085900000, 0x0000000085900000, 0x0000000085a00000|  0%| F|  |TAMS 0x0000000085900000, 0x0000000085900000| Untracked 
|  90|0x0000000085a00000, 0x0000000085a00000, 0x0000000085b00000|  0%| F|  |TAMS 0x0000000085a00000, 0x0000000085a00000| Untracked 
|  91|0x0000000085b00000, 0x0000000085b00000, 0x0000000085c00000|  0%| F|  |TAMS 0x0000000085b00000, 0x0000000085b00000| Untracked 
|  92|0x0000000085c00000, 0x0000000085c00000, 0x0000000085d00000|  0%| F|  |TAMS 0x0000000085c00000, 0x0000000085c00000| Untracked 
|  93|0x0000000085d00000, 0x0000000085d00000, 0x0000000085e00000|  0%| F|  |TAMS 0x0000000085d00000, 0x0000000085d00000| Untracked 
|  94|0x0000000085e00000, 0x0000000085e00000, 0x0000000085f00000|  0%| F|  |TAMS 0x0000000085e00000, 0x0000000085e00000| Untracked 
|  95|0x0000000085f00000, 0x0000000085f00000, 0x0000000086000000|  0%| F|  |TAMS 0x0000000085f00000, 0x0000000085f00000| Untracked 
|  96|0x0000000086000000, 0x0000000086000000, 0x0000000086100000|  0%| F|  |TAMS 0x0000000086000000, 0x0000000086000000| Untracked 
|  97|0x0000000086100000, 0x0000000086100000, 0x0000000086200000|  0%| F|  |TAMS 0x0000000086100000, 0x0000000086100000| Untracked 
|  98|0x0000000086200000, 0x0000000086200000, 0x0000000086300000|  0%| F|  |TAMS 0x0000000086200000, 0x0000000086200000| Untracked 
|  99|0x0000000086300000, 0x0000000086300000, 0x0000000086400000|  0%| F|  |TAMS 0x0000000086300000, 0x0000000086300000| Untracked 
| 100|0x0000000086400000, 0x0000000086400000, 0x0000000086500000|  0%| F|  |TAMS 0x0000000086400000, 0x0000000086400000| Untracked 
| 101|0x0000000086500000, 0x0000000086500000, 0x0000000086600000|  0%| F|  |TAMS 0x0000000086500000, 0x0000000086500000| Untracked 
| 102|0x0000000086600000, 0x0000000086600000, 0x0000000086700000|  0%| F|  |TAMS 0x0000000086600000, 0x0000000086600000| Untracked 
| 103|0x0000000086700000, 0x0000000086700000, 0x0000000086800000|  0%| F|  |TAMS 0x0000000086700000, 0x0000000086700000| Untracked 
| 104|0x0000000086800000, 0x0000000086800000, 0x0000000086900000|  0%| F|  |TAMS 0x0000000086800000, 0x0000000086800000| Untracked 
| 105|0x0000000086900000, 0x0000000086900000, 0x0000000086a00000|  0%| F|  |TAMS 0x0000000086900000, 0x0000000086900000| Untracked 
| 106|0x0000000086a00000, 0x0000000086a00000, 0x0000000086b00000|  0%| F|  |TAMS 0x0000000086a00000, 0x0000000086a00000| Untracked 
| 107|0x0000000086b00000, 0x0000000086b00000, 0x0000000086c00000|  0%| F|  |TAMS 0x0000000086b00000, 0x0000000086b00000| Untracked 
| 108|0x0000000086c00000, 0x0000000086c00000, 0x0000000086d00000|  0%| F|  |TAMS 0x0000000086c00000, 0x0000000086c00000| Untracked 
| 109|0x0000000086d00000, 0x0000000086e00000, 0x0000000086e00000|100%| S|CS|TAMS 0x0000000086d00000, 0x0000000086d00000| Complete 
| 110|0x0000000086e00000, 0x0000000086f00000, 0x0000000086f00000|100%| S|CS|TAMS 0x0000000086e00000, 0x0000000086e00000| Complete 
| 111|0x0000000086f00000, 0x0000000087000000, 0x0000000087000000|100%| S|CS|TAMS 0x0000000086f00000, 0x0000000086f00000| Complete 
| 112|0x0000000087000000, 0x0000000087100000, 0x0000000087100000|100%| S|CS|TAMS 0x0000000087000000, 0x0000000087000000| Complete 
| 113|0x0000000087100000, 0x0000000087200000, 0x0000000087200000|100%| S|CS|TAMS 0x0000000087100000, 0x0000000087100000| Complete 
| 114|0x0000000087200000, 0x0000000087300000, 0x0000000087300000|100%| S|CS|TAMS 0x0000000087200000, 0x0000000087200000| Complete 
| 115|0x0000000087300000, 0x0000000087300000, 0x0000000087400000|  0%| F|  |TAMS 0x0000000087300000, 0x0000000087300000| Untracked 
| 116|0x0000000087400000, 0x0000000087400000, 0x0000000087500000|  0%| F|  |TAMS 0x0000000087400000, 0x0000000087400000| Untracked 
| 117|0x0000000087500000, 0x0000000087500000, 0x0000000087600000|  0%| F|  |TAMS 0x0000000087500000, 0x0000000087500000| Untracked 
| 118|0x0000000087600000, 0x0000000087600000, 0x0000000087700000|  0%| F|  |TAMS 0x0000000087600000, 0x0000000087600000| Untracked 
| 119|0x0000000087700000, 0x0000000087700000, 0x0000000087800000|  0%| F|  |TAMS 0x0000000087700000, 0x0000000087700000| Untracked 
| 120|0x0000000087800000, 0x0000000087800000, 0x0000000087900000|  0%| F|  |TAMS 0x0000000087800000, 0x0000000087800000| Untracked 
| 121|0x0000000087900000, 0x0000000087900000, 0x0000000087a00000|  0%| F|  |TAMS 0x0000000087900000, 0x0000000087900000| Untracked 
| 122|0x0000000087a00000, 0x0000000087a00000, 0x0000000087b00000|  0%| F|  |TAMS 0x0000000087a00000, 0x0000000087a00000| Untracked 
| 123|0x0000000087b00000, 0x0000000087b00000, 0x0000000087c00000|  0%| F|  |TAMS 0x0000000087b00000, 0x0000000087b00000| Untracked 
| 124|0x0000000087c00000, 0x0000000087c00000, 0x0000000087d00000|  0%| F|  |TAMS 0x0000000087c00000, 0x0000000087c00000| Untracked 
| 125|0x0000000087d00000, 0x0000000087d00000, 0x0000000087e00000|  0%| F|  |TAMS 0x0000000087d00000, 0x0000000087d00000| Untracked 
| 126|0x0000000087e00000, 0x0000000087e00000, 0x0000000087f00000|  0%| F|  |TAMS 0x0000000087e00000, 0x0000000087e00000| Untracked 
| 127|0x0000000087f00000, 0x0000000087f00000, 0x0000000088000000|  0%| F|  |TAMS 0x0000000087f00000, 0x0000000087f00000| Untracked 
| 128|0x0000000088000000, 0x0000000088000000, 0x0000000088100000|  0%| F|  |TAMS 0x0000000088000000, 0x0000000088000000| Untracked 
| 129|0x0000000088100000, 0x0000000088100000, 0x0000000088200000|  0%| F|  |TAMS 0x0000000088100000, 0x0000000088100000| Untracked 
| 130|0x0000000088200000, 0x0000000088200000, 0x0000000088300000|  0%| F|  |TAMS 0x0000000088200000, 0x0000000088200000| Untracked 
| 131|0x0000000088300000, 0x0000000088300000, 0x0000000088400000|  0%| F|  |TAMS 0x0000000088300000, 0x0000000088300000| Untracked 
| 132|0x0000000088400000, 0x0000000088400000, 0x0000000088500000|  0%| F|  |TAMS 0x0000000088400000, 0x0000000088400000| Untracked 
| 133|0x0000000088500000, 0x0000000088500000, 0x0000000088600000|  0%| F|  |TAMS 0x0000000088500000, 0x0000000088500000| Untracked 
| 134|0x0000000088600000, 0x0000000088600000, 0x0000000088700000|  0%| F|  |TAMS 0x0000000088600000, 0x0000000088600000| Untracked 
| 135|0x0000000088700000, 0x0000000088700000, 0x0000000088800000|  0%| F|  |TAMS 0x0000000088700000, 0x0000000088700000| Untracked 
| 136|0x0000000088800000, 0x0000000088800000, 0x0000000088900000|  0%| F|  |TAMS 0x0000000088800000, 0x0000000088800000| Untracked 
| 137|0x0000000088900000, 0x000000008898ed10, 0x0000000088a00000| 55%| E|  |TAMS 0x0000000088900000, 0x0000000088900000| Complete 
| 138|0x0000000088a00000, 0x0000000088b00000, 0x0000000088b00000|100%| E|CS|TAMS 0x0000000088a00000, 0x0000000088a00000| Complete 
| 139|0x0000000088b00000, 0x0000000088c00000, 0x0000000088c00000|100%| E|CS|TAMS 0x0000000088b00000, 0x0000000088b00000| Complete 
| 140|0x0000000088c00000, 0x0000000088d00000, 0x0000000088d00000|100%| E|CS|TAMS 0x0000000088c00000, 0x0000000088c00000| Complete 
| 141|0x0000000088d00000, 0x0000000088e00000, 0x0000000088e00000|100%| E|CS|TAMS 0x0000000088d00000, 0x0000000088d00000| Complete 
| 142|0x0000000088e00000, 0x0000000088f00000, 0x0000000088f00000|100%| E|CS|TAMS 0x0000000088e00000, 0x0000000088e00000| Complete 
| 143|0x0000000088f00000, 0x0000000089000000, 0x0000000089000000|100%| E|CS|TAMS 0x0000000088f00000, 0x0000000088f00000| Complete 
| 144|0x0000000089000000, 0x0000000089100000, 0x0000000089100000|100%| E|CS|TAMS 0x0000000089000000, 0x0000000089000000| Complete 
| 145|0x0000000089100000, 0x0000000089200000, 0x0000000089200000|100%| E|CS|TAMS 0x0000000089100000, 0x0000000089100000| Complete 
| 146|0x0000000089200000, 0x0000000089300000, 0x0000000089300000|100%| E|CS|TAMS 0x0000000089200000, 0x0000000089200000| Complete 
| 147|0x0000000089300000, 0x0000000089400000, 0x0000000089400000|100%| E|CS|TAMS 0x0000000089300000, 0x0000000089300000| Complete 
| 148|0x0000000089400000, 0x0000000089500000, 0x0000000089500000|100%| E|CS|TAMS 0x0000000089400000, 0x0000000089400000| Complete 
| 149|0x0000000089500000, 0x0000000089600000, 0x0000000089600000|100%| E|CS|TAMS 0x0000000089500000, 0x0000000089500000| Complete 
| 150|0x0000000089600000, 0x0000000089700000, 0x0000000089700000|100%| E|CS|TAMS 0x0000000089600000, 0x0000000089600000| Complete 
| 151|0x0000000089700000, 0x0000000089800000, 0x0000000089800000|100%| E|CS|TAMS 0x0000000089700000, 0x0000000089700000| Complete 
| 152|0x0000000089800000, 0x0000000089900000, 0x0000000089900000|100%| E|CS|TAMS 0x0000000089800000, 0x0000000089800000| Complete 
| 153|0x0000000089900000, 0x0000000089a00000, 0x0000000089a00000|100%| E|CS|TAMS 0x0000000089900000, 0x0000000089900000| Complete 
| 154|0x0000000089a00000, 0x0000000089b00000, 0x0000000089b00000|100%| E|CS|TAMS 0x0000000089a00000, 0x0000000089a00000| Complete 
| 155|0x0000000089b00000, 0x0000000089c00000, 0x0000000089c00000|100%| E|CS|TAMS 0x0000000089b00000, 0x0000000089b00000| Complete 
| 156|0x0000000089c00000, 0x0000000089d00000, 0x0000000089d00000|100%| E|CS|TAMS 0x0000000089c00000, 0x0000000089c00000| Complete 
| 157|0x0000000089d00000, 0x0000000089e00000, 0x0000000089e00000|100%| E|CS|TAMS 0x0000000089d00000, 0x0000000089d00000| Complete 

Card table byte_map: [0x0000027a62900000,0x0000027a62d00000] _byte_map_base: 0x0000027a62500000

Marking Bits (Prev, Next): (CMBitMap*) 0x0000027a4f40a910, (CMBitMap*) 0x0000027a4f40a8d8
 Prev Bits: [0x0000027a65100000, 0x0000027a67100000)
 Next Bits: [0x0000027a63100000, 0x0000027a65100000)

Polling page: 0x0000027a4db80000

Metaspace:

Usage:
  Non-class:     73.04 MB capacity,    71.80 MB ( 98%) used,     1.00 MB (  1%) free+waste,   238.00 KB ( <1%) overhead. 
      Class:     11.33 MB capacity,    10.59 MB ( 93%) used,   653.47 KB (  6%) free+waste,   107.06 KB ( <1%) overhead. 
       Both:     84.37 MB capacity,    82.39 MB ( 98%) used,     1.64 MB (  2%) free+waste,   345.06 KB ( <1%) overhead. 

Virtual space:
  Non-class space:       74.00 MB reserved,      73.12 MB ( 99%) committed 
      Class space:        1.00 GB reserved,      11.38 MB (  1%) committed 
             Both:        1.07 GB reserved,      84.50 MB (  8%) committed 

Chunk freelists:
   Non-Class:  18.00 KB
       Class:  0 bytes
        Both:  18.00 KB

MaxMetaspaceSize: 17179869184.00 GB
CompressedClassSpaceSize: 1.00 GB
Initial GC threshold: 20.80 MB
Current GC threshold: 139.58 MB
CDS: off

CodeHeap 'non-profiled nmethods': size=120064Kb used=5701Kb max_used=5701Kb free=114362Kb
 bounds [0x0000027a5a9a0000, 0x0000027a5af40000, 0x0000027a61ee0000]
CodeHeap 'profiled nmethods': size=120000Kb used=21957Kb max_used=21957Kb free=98042Kb
 bounds [0x0000027a53470000, 0x0000027a549f0000, 0x0000027a5a9a0000]
CodeHeap 'non-nmethods': size=5696Kb used=2372Kb max_used=2426Kb free=3323Kb
 bounds [0x0000027a52ee0000, 0x0000027a53160000, 0x0000027a53470000]
 total_blobs=10913 nmethods=10038 adapters=787
 compilation: enabled
              stopped_count=0, restarted_count=0
 full_count=0

Compilation events (20 events):
Event: 70.802 Thread 0x0000027a69721800 nmethod 10056 0x0000027a549d1f10 code [0x0000027a549d20e0, 0x0000027a549d2408]
Event: 70.802 Thread 0x0000027a69721800 10057       3       org.gradle.internal.resources.AbstractResourceLockRegistry$2::execute (9 bytes)
Event: 70.802 Thread 0x0000027a69721800 nmethod 10057 0x0000027a549d2510 code [0x0000027a549d2700, 0x0000027a549d2b28]
Event: 70.802 Thread 0x0000027a69721800 10058       3       org.gradle.internal.resources.AbstractResourceLockRegistry::associateResourceLock (34 bytes)
Event: 70.803 Thread 0x0000027a69721800 nmethod 10058 0x0000027a549d2d10 code [0x0000027a549d2f00, 0x0000027a549d3248]
Event: 70.803 Thread 0x0000027a6971c800 10059       4       org.gradle.internal.snapshot.impl.DefaultValueSnapshotter::processValue (675 bytes)
Event: 70.804 Thread 0x0000027a69721800 10061   !   3       org.gradle.internal.resources.AbstractResourceLockRegistry::getOrRegisterResourceLock (30 bytes)
Event: 70.820 Thread 0x0000027a69721800 nmethod 10061 0x0000027a549d3410 code [0x0000027a549d36c0, 0x0000027a549d43a8]
Event: 70.820 Thread 0x0000027a69721800 10066       3       org.gradle.internal.fingerprint.impl.NameOnlyFingerprintingStrategy::normalizePath (7 bytes)
Event: 70.820 Thread 0x0000027a69721800 nmethod 10066 0x0000027a549d4a90 code [0x0000027a549d4c40, 0x0000027a549d4e18]
Event: 70.820 Thread 0x0000027a69721800 10069       3       org.gradle.api.internal.artifacts.transform.DefaultTransformerInvocationFactory$1$$Lambda$874/0x0000000100b29040::<init> (26 bytes)
Event: 70.820 Thread 0x0000027a69721800 nmethod 10069 0x0000027a549d4f10 code [0x0000027a549d50e0, 0x0000027a549d53b8]
Event: 70.820 Thread 0x0000027a69721800 10068       3       org.gradle.internal.execution.steps.IdentityCacheStep$$Lambda$873/0x0000000100b28840::<init> (32 bytes)
Event: 70.820 Thread 0x0000027a69721800 nmethod 10068 0x0000027a549d5490 code [0x0000027a549d5660, 0x0000027a549d5998]
Event: 70.820 Thread 0x0000027a69721800 10067       3       org.gradle.api.internal.artifacts.transform.CacheableInvocation$3::getCachedResult (4 bytes)
Event: 70.821 Thread 0x0000027a69721800 nmethod 10067 0x0000027a549d5a90 code [0x0000027a549d5c40, 0x0000027a549d5d98]
Event: 70.821 Thread 0x0000027a69721800 10062       3       org.gradle.internal.resources.AbstractResourceLockRegistry$1::<init> (20 bytes)
Event: 70.821 Thread 0x0000027a69721800 nmethod 10062 0x0000027a549d5e90 code [0x0000027a549d6040, 0x0000027a549d62b8]
Event: 70.821 Thread 0x0000027a69721800 10063       3       org.gradle.internal.resources.AbstractResourceLockRegistry$1::call (5 bytes)
Event: 70.821 Thread 0x0000027a69721800 nmethod 10063 0x0000027a549d6390 code [0x0000027a549d65a0, 0x0000027a549d6c68]

GC Heap History (20 events):
Event: 42.252 GC heap before
{Heap before GC invocations=71 (full 0):
 garbage-first heap   total 76800K, used 60322K [0x0000000080000000, 0x0000000100000000)
  region size 1024K, 8 young (8192K), 1 survivors (1024K)
 Metaspace       used 65778K, capacity 67242K, committed 67452K, reserved 1107968K
  class space    used 8308K, capacity 8874K, committed 8960K, reserved 1048576K
}
Event: 42.256 GC heap after
{Heap after GC invocations=72 (full 0):
 garbage-first heap   total 99328K, used 53886K [0x0000000080000000, 0x0000000100000000)
  region size 1024K, 1 young (1024K), 1 survivors (1024K)
 Metaspace       used 65778K, capacity 67242K, committed 67452K, reserved 1107968K
  class space    used 8308K, capacity 8874K, committed 8960K, reserved 1048576K
}
Event: 42.848 GC heap before
{Heap before GC invocations=73 (full 0):
 garbage-first heap   total 99328K, used 70270K [0x0000000080000000, 0x0000000100000000)
  region size 1024K, 17 young (17408K), 1 survivors (1024K)
 Metaspace       used 65831K, capacity 67351K, committed 67452K, reserved 1107968K
  class space    used 8315K, capacity 8910K, committed 8960K, reserved 1048576K
}
Event: 42.852 GC heap after
{Heap after GC invocations=74 (full 0):
 garbage-first heap   total 99328K, used 55189K [0x0000000080000000, 0x0000000100000000)
  region size 1024K, 3 young (3072K), 3 survivors (3072K)
 Metaspace       used 65831K, capacity 67351K, committed 67452K, reserved 1107968K
  class space    used 8315K, capacity 8910K, committed 8960K, reserved 1048576K
}
Event: 43.392 GC heap before
{Heap before GC invocations=74 (full 0):
 garbage-first heap   total 99328K, used 70549K [0x0000000080000000, 0x0000000100000000)
  region size 1024K, 19 young (19456K), 3 survivors (3072K)
 Metaspace       used 66358K, capacity 67907K, committed 67964K, reserved 1107968K
  class space    used 8372K, capacity 8945K, committed 8960K, reserved 1048576K
}
Event: 43.413 GC heap after
{Heap after GC invocations=75 (full 0):
 garbage-first heap   total 99328K, used 56646K [0x0000000080000000, 0x0000000100000000)
  region size 1024K, 3 young (3072K), 3 survivors (3072K)
 Metaspace       used 66358K, capacity 67907K, committed 67964K, reserved 1107968K
  class space    used 8372K, capacity 8945K, committed 8960K, reserved 1048576K
}
Event: 44.202 GC heap before
{Heap before GC invocations=76 (full 0):
 garbage-first heap   total 99328K, used 74054K [0x0000000080000000, 0x0000000100000000)
  region size 1024K, 20 young (20480K), 3 survivors (3072K)
 Metaspace       used 68417K, capacity 69898K, committed 70140K, reserved 1110016K
  class space    used 8676K, capacity 9266K, committed 9344K, reserved 1048576K
}
Event: 44.210 GC heap after
{Heap after GC invocations=77 (full 0):
 garbage-first heap   total 99328K, used 57556K [0x0000000080000000, 0x0000000100000000)
  region size 1024K, 3 young (3072K), 3 survivors (3072K)
 Metaspace       used 68417K, capacity 69898K, committed 70140K, reserved 1110016K
  class space    used 8676K, capacity 9266K, committed 9344K, reserved 1048576K
}
Event: 45.129 GC heap before
{Heap before GC invocations=77 (full 0):
 garbage-first heap   total 99328K, used 74964K [0x0000000080000000, 0x0000000100000000)
  region size 1024K, 20 young (20480K), 3 survivors (3072K)
 Metaspace       used 70835K, capacity 72406K, committed 72572K, reserved 1112064K
  class space    used 9122K, capacity 9696K, committed 9728K, reserved 1048576K
}
Event: 45.139 GC heap after
{Heap after GC invocations=78 (full 0):
 garbage-first heap   total 134144K, used 58928K [0x0000000080000000, 0x0000000100000000)
  region size 1024K, 3 young (3072K), 3 survivors (3072K)
 Metaspace       used 70835K, capacity 72406K, committed 72572K, reserved 1112064K
  class space    used 9122K, capacity 9696K, committed 9728K, reserved 1048576K
}
Event: 47.968 GC heap before
{Heap before GC invocations=79 (full 0):
 garbage-first heap   total 134144K, used 90672K [0x0000000080000000, 0x0000000100000000)
  region size 1024K, 34 young (34816K), 3 survivors (3072K)
 Metaspace       used 73397K, capacity 75047K, committed 75388K, reserved 1114112K
  class space    used 9483K, capacity 10117K, committed 10240K, reserved 1048576K
}
Event: 47.981 GC heap after
{Heap after GC invocations=80 (full 0):
 garbage-first heap   total 134144K, used 60744K [0x0000000080000000, 0x0000000100000000)
  region size 1024K, 5 young (5120K), 5 survivors (5120K)
 Metaspace       used 73397K, capacity 75047K, committed 75388K, reserved 1114112K
  class space    used 9483K, capacity 10117K, committed 10240K, reserved 1048576K
}
Event: 50.130 GC heap before
{Heap before GC invocations=80 (full 0):
 garbage-first heap   total 134144K, used 97608K [0x0000000080000000, 0x0000000100000000)
  region size 1024K, 41 young (41984K), 5 survivors (5120K)
 Metaspace       used 78011K, capacity 79704K, committed 79868K, reserved 1118208K
  class space    used 10126K, capacity 10777K, committed 10880K, reserved 1048576K
}
Event: 50.151 GC heap after
{Heap after GC invocations=81 (full 0):
 garbage-first heap   total 134144K, used 62757K [0x0000000080000000, 0x0000000100000000)
  region size 1024K, 4 young (4096K), 4 survivors (4096K)
 Metaspace       used 78011K, capacity 79704K, committed 79868K, reserved 1118208K
  class space    used 10126K, capacity 10777K, committed 10880K, reserved 1048576K
}
Event: 53.733 GC heap before
{Heap before GC invocations=81 (full 0):
 garbage-first heap   total 134144K, used 102693K [0x0000000080000000, 0x0000000100000000)
  region size 1024K, 44 young (45056K), 4 survivors (4096K)
 Metaspace       used 81722K, capacity 83610K, committed 83836K, reserved 1122304K
  class space    used 10528K, capacity 11230K, committed 11264K, reserved 1048576K
}
Event: 53.777 GC heap after
{Heap after GC invocations=82 (full 0):
 garbage-first heap   total 134144K, used 67570K [0x0000000080000000, 0x0000000100000000)
  region size 1024K, 6 young (6144K), 6 survivors (6144K)
 Metaspace       used 81722K, capacity 83610K, committed 83836K, reserved 1122304K
  class space    used 10528K, capacity 11230K, committed 11264K, reserved 1048576K
}
Event: 58.348 GC heap before
{Heap before GC invocations=82 (full 0):
 garbage-first heap   total 134144K, used 103410K [0x0000000080000000, 0x0000000100000000)
  region size 1024K, 42 young (43008K), 6 survivors (6144K)
 Metaspace       used 83429K, capacity 85510K, committed 85756K, reserved 1124352K
  class space    used 10786K, capacity 11570K, committed 11648K, reserved 1048576K
}
Event: 58.399 GC heap after
{Heap after GC invocations=83 (full 0):
 garbage-first heap   total 161792K, used 71434K [0x0000000080000000, 0x0000000100000000)
  region size 1024K, 4 young (4096K), 4 survivors (4096K)
 Metaspace       used 83429K, capacity 85510K, committed 85756K, reserved 1124352K
  class space    used 10786K, capacity 11570K, committed 11648K, reserved 1048576K
}
Event: 65.819 GC heap before
{Heap before GC invocations=84 (full 0):
 garbage-first heap   total 161792K, used 114442K [0x0000000080000000, 0x0000000100000000)
  region size 1024K, 47 young (48128K), 4 survivors (4096K)
 Metaspace       used 84008K, capacity 86056K, committed 86268K, reserved 1124352K
  class space    used 10806K, capacity 11586K, committed 11648K, reserved 1048576K
}
Event: 65.896 GC heap after
{Heap after GC invocations=85 (full 0):
 garbage-first heap   total 161792K, used 73952K [0x0000000080000000, 0x0000000100000000)
  region size 1024K, 6 young (6144K), 6 survivors (6144K)
 Metaspace       used 84008K, capacity 86056K, committed 86268K, reserved 1124352K
  class space    used 10806K, capacity 11586K, committed 11648K, reserved 1048576K
}

Deoptimization events (20 events):
Event: 67.739 Thread 0x0000027a6c316000 Uncommon trap: trap_request=0xffffffde fr.pc=0x0000027a5af0ae6c relative=0x00000000000005ac
Event: 67.739 Thread 0x0000027a6c316000 Uncommon trap: reason=class_check action=maybe_recompile pc=0x0000027a5af0ae6c method=org.gradle.internal.snapshot.MediumChildMap.withNode(Lorg/gradle/internal/snapshot/VfsRelativePath;Lorg/gradle/internal/snapshot/CaseSensitivity;Lorg/gradle/internal/sna
Event: 67.739 Thread 0x0000027a6c316000 DEOPT PACKING pc=0x0000027a5af0ae6c sp=0x000000b3825fc960
Event: 67.739 Thread 0x0000027a6c316000 DEOPT UNPACKING pc=0x0000027a52ee85af sp=0x000000b3825fc928 mode 2
Event: 67.739 Thread 0x0000027a6c316000 Uncommon trap: trap_request=0xffffffde fr.pc=0x0000027a5af0ae6c relative=0x00000000000005ac
Event: 67.739 Thread 0x0000027a6c316000 Uncommon trap: reason=class_check action=maybe_recompile pc=0x0000027a5af0ae6c method=org.gradle.internal.snapshot.MediumChildMap.withNode(Lorg/gradle/internal/snapshot/VfsRelativePath;Lorg/gradle/internal/snapshot/CaseSensitivity;Lorg/gradle/internal/sna
Event: 67.739 Thread 0x0000027a6c316000 DEOPT PACKING pc=0x0000027a5af0ae6c sp=0x000000b3825fc960
Event: 67.739 Thread 0x0000027a6c316000 DEOPT UNPACKING pc=0x0000027a52ee85af sp=0x000000b3825fc928 mode 2
Event: 67.739 Thread 0x0000027a6c316000 Uncommon trap: trap_request=0xffffff4d fr.pc=0x0000027a5aed5c64 relative=0x0000000000000564
Event: 67.739 Thread 0x0000027a6c316000 Uncommon trap: reason=unstable_if action=reinterpret pc=0x0000027a5aed5c64 method=org.gradle.internal.snapshot.VfsRelativePath.lengthOfCommonPrefix(Ljava/lang/String;Lorg/gradle/internal/snapshot/CaseSensitivity;)I @ 107 c2
Event: 67.739 Thread 0x0000027a6c316000 DEOPT PACKING pc=0x0000027a5aed5c64 sp=0x000000b3825fc520
Event: 67.740 Thread 0x0000027a6c316000 DEOPT UNPACKING pc=0x0000027a52ee85af sp=0x000000b3825fc4a8 mode 2
Event: 69.709 Thread 0x0000027a6c316000 Uncommon trap: trap_request=0xffffff4d fr.pc=0x0000027a5ae9889c relative=0x000000000000063c
Event: 69.709 Thread 0x0000027a6c316000 Uncommon trap: reason=unstable_if action=reinterpret pc=0x0000027a5ae9889c method=sun.security.provider.DigestBase.engineUpdate([BII)V @ 1 c2
Event: 69.709 Thread 0x0000027a6c316000 DEOPT PACKING pc=0x0000027a5ae9889c sp=0x000000b3825f9da0
Event: 69.709 Thread 0x0000027a6c316000 DEOPT UNPACKING pc=0x0000027a52ee85af sp=0x000000b3825f9d58 mode 2
Event: 69.725 Thread 0x0000027a6c316000 Uncommon trap: trap_request=0xffffffde fr.pc=0x0000027a5af0ae6c relative=0x00000000000005ac
Event: 69.725 Thread 0x0000027a6c316000 Uncommon trap: reason=class_check action=maybe_recompile pc=0x0000027a5af0ae6c method=org.gradle.internal.snapshot.MediumChildMap.withNode(Lorg/gradle/internal/snapshot/VfsRelativePath;Lorg/gradle/internal/snapshot/CaseSensitivity;Lorg/gradle/internal/sna
Event: 69.725 Thread 0x0000027a6c316000 DEOPT PACKING pc=0x0000027a5af0ae6c sp=0x000000b3825fc920
Event: 69.725 Thread 0x0000027a6c316000 DEOPT UNPACKING pc=0x0000027a52ee85af sp=0x000000b3825fc8e8 mode 2

Classes redefined (0 events):
No events

Internal exceptions (20 events):
Event: 53.613 Thread 0x0000027a6bb40000 Exception <a 'java/lang/NoSuchMethodError'{0x0000000085b94530}: <clinit>> (0x0000000085b94530) thrown at [./src/hotspot/share/prims/jni.cpp, line 1365]
Event: 53.673 Thread 0x0000027a6bb40000 Exception <a 'java/lang/NoSuchMethodError'{0x0000000085bb16b8}: <clinit>> (0x0000000085bb16b8) thrown at [./src/hotspot/share/prims/jni.cpp, line 1365]
Event: 53.677 Thread 0x0000027a6bb40000 Exception <a 'java/lang/NoSuchMethodError'{0x0000000085bc5308}: <clinit>> (0x0000000085bc5308) thrown at [./src/hotspot/share/prims/jni.cpp, line 1365]
Event: 53.678 Thread 0x0000027a6bb40000 Exception <a 'java/lang/NoSuchMethodError'{0x0000000085bc6a60}: <clinit>> (0x0000000085bc6a60) thrown at [./src/hotspot/share/prims/jni.cpp, line 1365]
Event: 53.917 Thread 0x0000027a6c31a800 Exception <a 'java/lang/NoSuchMethodError'{0x00000000882b9388}: <clinit>> (0x00000000882b9388) thrown at [./src/hotspot/share/prims/jni.cpp, line 1365]
Event: 53.927 Thread 0x0000027a6c31a800 Exception <a 'java/lang/NoSuchMethodError'{0x00000000880b15d8}: <clinit>> (0x00000000880b15d8) thrown at [./src/hotspot/share/prims/jni.cpp, line 1365]
Event: 53.938 Thread 0x0000027a6c31a800 Exception <a 'java/lang/NoSuchMethodError'{0x00000000880f3060}: <clinit>> (0x00000000880f3060) thrown at [./src/hotspot/share/prims/jni.cpp, line 1365]
Event: 53.973 Thread 0x0000027a6c316000 Exception <a 'java/lang/IncompatibleClassChangeError'{0x0000000087e16f28}: Found class java.lang.Object, but interface was expected> (0x0000000087e16f28) thrown at [./src/hotspot/share/interpreter/linkResolver.cpp, line 839]
Event: 54.138 Thread 0x0000027a6bb40000 Exception <a 'java/lang/NoSuchMethodError'{0x0000000087d423c8}: <clinit>> (0x0000000087d423c8) thrown at [./src/hotspot/share/prims/jni.cpp, line 1365]
Event: 54.170 Thread 0x0000027a6c316000 Exception <a 'java/lang/NoSuchMethodError'{0x0000000087d21200}: 'java.lang.Object java.lang.invoke.DirectMethodHandle$Holder.invokeInterface(java.lang.Object, java.lang.Object, int)'> (0x0000000087d21200) thrown at [./src/hotspot/share/interpreter/linkResolver.cpp, line 773]
Event: 54.216 Thread 0x0000027a6c316000 Exception <a 'java/lang/NoSuchMethodError'{0x0000000087d51f48}: 'void java.lang.invoke.DirectMethodHandle$Holder.invokeStatic(java.lang.Object, java.lang.Object, java.lang.Object, int)'> (0x0000000087d51f48) thrown at [./src/hotspot/share/interpreter/linkResolver.cpp, line 773]
Event: 54.410 Thread 0x0000027a6c316000 Exception <a 'java/lang/IncompatibleClassChangeError'{0x0000000087ce2fe0}: Found class java.lang.Object, but interface was expected> (0x0000000087ce2fe0) thrown at [./src/hotspot/share/interpreter/linkResolver.cpp, line 839]
Event: 54.537 Thread 0x0000027a6c316000 Exception <a 'java/lang/IncompatibleClassChangeError'{0x0000000087b09b60}: Found class java.lang.Object, but interface was expected> (0x0000000087b09b60) thrown at [./src/hotspot/share/interpreter/linkResolver.cpp, line 839]
Event: 57.168 Thread 0x0000027a6c316000 Exception <a 'java/lang/NoSuchMethodError'{0x00000000872d1700}: 'void java.lang.invoke.DirectMethodHandle$Holder.invokeStatic(java.lang.Object, java.lang.Object, java.lang.Object, java.lang.Object, int, java.lang.Object, java.lang.Object)'> (0x00000000872d1700) thrown at [./src/hotspot/share/interpreter/linkResolver.cpp, line 773]
Event: 57.315 Thread 0x0000027a6dd67800 Exception <a 'java/lang/NoSuchMethodError'{0x0000000086d16b38}: 'java.lang.Object java.lang.invoke.DirectMethodHandle$Holder.invokeSpecialIFC(java.lang.Object, java.lang.Object, java.lang.Object)'> (0x0000000086d16b38) thrown at [./src/hotspot/share/interpreter/linkResolver.cpp, line 773]
Event: 57.315 Thread 0x0000027a6c316000 Exception <a 'java/lang/NoSuchMethodError'{0x0000000086ee7da0}: 'java.lang.Object java.lang.invoke.DirectMethodHandle$Holder.invokeSpecialIFC(java.lang.Object, java.lang.Object, java.lang.Object)'> (0x0000000086ee7da0) thrown at [./src/hotspot/share/interpreter/linkResolver.cpp, line 773]
Event: 57.315 Thread 0x0000027a6dd65000 Exception <a 'java/lang/NoSuchMethodError'{0x0000000086d28d30}: 'java.lang.Object java.lang.invoke.DirectMethodHandle$Holder.invokeSpecialIFC(java.lang.Object, java.lang.Object, java.lang.Object)'> (0x0000000086d28d30) thrown at [./src/hotspot/share/interpreter/linkResolver.cpp, line 773]
Event: 57.681 Thread 0x0000027a6dd65000 Exception <a 'java/lang/NoSuchMethodError'{0x0000000086b95aa8}: 'int java.lang.invoke.DirectMethodHandle$Holder.invokeStaticInit(java.lang.Object, java.lang.Object, java.lang.Object, java.lang.Object, java.lang.Object)'> (0x0000000086b95aa8) thrown at [./src/hotspot/share/interpreter/linkResolver.cpp, line 773]
Event: 66.287 Thread 0x0000027a6c40b000 Implicit null exception at 0x0000027a5af103ba to 0x0000027a5af10cac
Event: 66.440 Thread 0x0000027a6dd6e000 Implicit null exception at 0x0000027a5af149d2 to 0x0000027a5af14dd8

Events (20 events):
Event: 69.331 loading class org/gradle/cache/internal/BinaryStore$WriteAction
Event: 69.331 loading class org/gradle/cache/internal/BinaryStore$WriteAction done
Event: 69.467 Executing VM operation: RevokeBias
Event: 69.467 Executing VM operation: RevokeBias done
Event: 69.468 Executing VM operation: RevokeBias
Event: 69.468 Executing VM operation: RevokeBias done
Event: 69.582 Executing VM operation: RevokeBias
Event: 69.583 Executing VM operation: RevokeBias done
Event: 69.591 loading class org/gradle/internal/component/local/model/OpaqueComponentArtifactIdentifier
Event: 69.591 loading class org/gradle/internal/component/local/model/OpaqueComponentArtifactIdentifier done
Event: 69.608 loading class org/gradle/api/internal/artifacts/ivyservice/resolveengine/artifact/LocalFileDependencyBackedArtifactSet$SingletonFileResolvedVariant
Event: 69.608 loading class org/gradle/api/internal/artifacts/ivyservice/resolveengine/artifact/LocalFileDependencyBackedArtifactSet$SingletonFileResolvedVariant done
Event: 69.612 Executing VM operation: Deoptimize
Event: 69.691 Executing VM operation: Deoptimize done
Event: 69.694 loading class org/gradle/api/internal/artifacts/ivyservice/resolveengine/artifact/LocalFileDependencyBackedArtifactSet$TransformedLocalFileArtifactSet
Event: 69.694 loading class org/gradle/api/internal/artifacts/ivyservice/resolveengine/artifact/LocalFileDependencyBackedArtifactSet$TransformedLocalFileArtifactSet done
Event: 70.413 loading class org/gradle/internal/snapshot/impl/ListValueSnapshot
Event: 70.413 loading class org/gradle/internal/snapshot/impl/ListValueSnapshot done
Event: 70.434 loading class com/android/build/gradle/internal/core/VariantDslInfoImpl$computeApplicationIdSuffix$2
Event: 70.434 loading class com/android/build/gradle/internal/core/VariantDslInfoImpl$computeApplicationIdSuffix$2 done


Dynamic libraries:
0x00007ff75c040000 - 0x00007ff75c04a000 	C:\Program Files\Android\Android Studio\jre\bin\java.exe
0x00007fffe2330000 - 0x00007fffe2524000 	C:\Windows\SYSTEM32\ntdll.dll
0x00007fffe1de0000 - 0x00007fffe1e9d000 	C:\Windows\System32\KERNEL32.DLL
0x00007fffdfab0000 - 0x00007fffdfd77000 	C:\Windows\System32\KERNELBASE.dll
0x00007fffe0040000 - 0x00007fffe0140000 	C:\Windows\System32\ucrtbase.dll
0x00007fffcfec0000 - 0x00007fffcfed9000 	C:\Program Files\Android\Android Studio\jre\bin\jli.dll
0x00007fffe19e0000 - 0x00007fffe1b80000 	C:\Windows\System32\USER32.dll
0x00007fffd6cb0000 - 0x00007fffd6cc7000 	C:\Program Files\Android\Android Studio\jre\bin\VCRUNTIME140.dll
0x00007fffe02d0000 - 0x00007fffe02f2000 	C:\Windows\System32\win32u.dll
0x00007fffe0480000 - 0x00007fffe04aa000 	C:\Windows\System32\GDI32.dll
0x00007fffe0140000 - 0x00007fffe0249000 	C:\Windows\System32\gdi32full.dll
0x00007fffe0300000 - 0x00007fffe039d000 	C:\Windows\System32\msvcp_win.dll
0x00007fffc3750000 - 0x00007fffc39ea000 	C:\Windows\WinSxS\amd64_microsoft.windows.common-controls_6595b64144ccf1df_6.0.19041.1_none_b555e41d4684ddec\COMCTL32.dll
0x00007fffe1b80000 - 0x00007fffe1c1e000 	C:\Windows\System32\msvcrt.dll
0x00007fffe04b0000 - 0x00007fffe04e0000 	C:\Windows\System32\IMM32.DLL
0x00007fffb9f40000 - 0x00007fffb9fdd000 	C:\Program Files\Android\Android Studio\jre\bin\msvcp140.dll
0x00007fff90850000 - 0x00007fff91335000 	C:\Program Files\Android\Android Studio\jre\bin\server\jvm.dll
0x00007fffe1930000 - 0x00007fffe19da000 	C:\Windows\System32\ADVAPI32.dll
0x00007fffe2250000 - 0x00007fffe22eb000 	C:\Windows\System32\sechost.dll
0x00007fffe0e70000 - 0x00007fffe0f93000 	C:\Windows\System32\RPCRT4.dll
0x00007fffe1cb0000 - 0x00007fffe1cb8000 	C:\Windows\System32\PSAPI.DLL
0x00007fffcff70000 - 0x00007fffcff79000 	C:\Windows\SYSTEM32\WSOCK32.dll
0x00007fffe2030000 - 0x00007fffe209b000 	C:\Windows\System32\WS2_32.dll
0x00007fffd1710000 - 0x00007fffd1737000 	C:\Windows\SYSTEM32\WINMM.dll
0x00007fffd8720000 - 0x00007fffd872a000 	C:\Windows\SYSTEM32\VERSION.dll
0x00007fffde390000 - 0x00007fffde3a3000 	C:\Windows\SYSTEM32\kernel.appcore.dll
0x00007fffcd480000 - 0x00007fffcd491000 	C:\Program Files\Android\Android Studio\jre\bin\verify.dll
0x00007fffdd910000 - 0x00007fffddaf4000 	C:\Windows\SYSTEM32\DBGHELP.DLL
0x00007fffd47e0000 - 0x00007fffd480c000 	C:\Windows\SYSTEM32\dbgcore.DLL
0x00007fffe0250000 - 0x00007fffe02cf000 	C:\Windows\System32\bcryptPrimitives.dll
0x00007fffcb620000 - 0x00007fffcb649000 	C:\Program Files\Android\Android Studio\jre\bin\java.dll
0x00007fffcfee0000 - 0x00007fffcfeeb000 	C:\Program Files\Android\Android Studio\jre\bin\jimage.dll
0x00007fffca480000 - 0x00007fffca498000 	C:\Program Files\Android\Android Studio\jre\bin\zip.dll
0x00007fffe1090000 - 0x00007fffe17c1000 	C:\Windows\System32\SHELL32.dll
0x00007fffddbf0000 - 0x00007fffde37a000 	C:\Windows\SYSTEM32\windows.storage.dll
0x00007fffe04e0000 - 0x00007fffe0834000 	C:\Windows\System32\combase.dll
0x00007fffdf430000 - 0x00007fffdf45b000 	C:\Windows\SYSTEM32\Wldp.dll
0x00007fffe1880000 - 0x00007fffe192e000 	C:\Windows\System32\SHCORE.dll
0x00007fffe20a0000 - 0x00007fffe20f5000 	C:\Windows\System32\shlwapi.dll
0x00007fffdf9c0000 - 0x00007fffdf9df000 	C:\Windows\SYSTEM32\profapi.dll
0x00007fffca460000 - 0x00007fffca47a000 	C:\Program Files\Android\Android Studio\jre\bin\net.dll
0x00007fffd0630000 - 0x00007fffd0730000 	C:\Windows\SYSTEM32\WINHTTP.dll
0x00007fffdf1b0000 - 0x00007fffdf21a000 	C:\Windows\system32\mswsock.dll
0x00007fffc9fe0000 - 0x00007fffc9ff4000 	C:\Program Files\Android\Android Studio\jre\bin\nio.dll
0x00007fffd6cf0000 - 0x00007fffd6d17000 	C:\Users\shubh\.gradle\native\e1d6ef7f7dcc3fd88c89a11ec53ec762bb8ba0a96d01ffa2cd45eb1d1d8dd5c5\windows-amd64\native-platform.dll
0x00007fffa28d0000 - 0x00007fffa2a14000 	C:\Users\shubh\.gradle\native\5664cfc778a61ccfe75a443a1ab52a65af34e5dc3c78e0209fed803814484fcb\windows-amd64\native-platform-file-events.dll
0x00007fffcfc40000 - 0x00007fffcfc4a000 	C:\Program Files\Android\Android Studio\jre\bin\management.dll
0x00007fffcfbd0000 - 0x00007fffcfbdd000 	C:\Program Files\Android\Android Studio\jre\bin\management_ext.dll
0x00007fffdf390000 - 0x00007fffdf3a8000 	C:\Windows\SYSTEM32\CRYPTSP.dll
0x00007fffdeb40000 - 0x00007fffdeb74000 	C:\Windows\system32\rsaenh.dll
0x00007fffdfa80000 - 0x00007fffdfaa7000 	C:\Windows\System32\bcrypt.dll
0x00007fffdf940000 - 0x00007fffdf96e000 	C:\Windows\SYSTEM32\USERENV.dll
0x00007fffdf380000 - 0x00007fffdf38c000 	C:\Windows\SYSTEM32\CRYPTBASE.dll
0x00007fffdeea0000 - 0x00007fffdeedb000 	C:\Windows\SYSTEM32\IPHLPAPI.DLL
0x00007fffe0840000 - 0x00007fffe0849000 	C:\Windows\System32\NSI.dll
0x00007fffd1890000 - 0x00007fffd18a7000 	C:\Windows\SYSTEM32\dhcpcsvc6.DLL
0x00007fffd2000000 - 0x00007fffd201d000 	C:\Windows\SYSTEM32\dhcpcsvc.DLL
0x00007fffdeee0000 - 0x00007fffdefaa000 	C:\Windows\SYSTEM32\DNSAPI.dll

dbghelp: loaded successfully - version: 4.0.5 - missing functions: none
symbol engine: initialized successfully - sym options: 0x614 - pdb path: .;C:\Program Files\Android\Android Studio\jre\bin;C:\Windows\SYSTEM32;C:\Windows\WinSxS\amd64_microsoft.windows.common-controls_6595b64144ccf1df_6.0.19041.1_none_b555e41d4684ddec;C:\Program Files\Android\Android Studio\jre\bin\server;C:\Users\shubh\.gradle\native\e1d6ef7f7dcc3fd88c89a11ec53ec762bb8ba0a96d01ffa2cd45eb1d1d8dd5c5\windows-amd64;C:\Users\shubh\.gradle\native\5664cfc778a61ccfe75a443a1ab52a65af34e5dc3c78e0209fed803814484fcb\windows-amd64

VM Arguments:
jvm_args: --add-opens=java.base/java.util=ALL-UNNAMED --add-opens=java.base/java.lang=ALL-UNNAMED --add-opens=java.base/java.lang.invoke=ALL-UNNAMED --add-opens=java.base/java.util=ALL-UNNAMED --add-opens=java.prefs/java.util.prefs=ALL-UNNAMED --add-opens=java.prefs/java.util.prefs=ALL-UNNAMED --add-opens=java.base/java.nio.charset=ALL-UNNAMED --add-opens=java.base/java.net=ALL-UNNAMED --add-opens=java.base/java.util.concurrent.atomic=ALL-UNNAMED -Xmx2048m -Dfile.encoding=UTF-8 -Duser.country=IN -Duser.language=en -Duser.variant 
java_command: org.gradle.launcher.daemon.bootstrap.GradleDaemon 7.2
java_class_path (initial): C:\Users\shubh\.gradle\wrapper\dists\gradle-7.2-bin\2dnblmf4td7x66yl1d74lt32g\gradle-7.2\lib\gradle-launcher-7.2.jar
Launcher Type: SUN_STANDARD

[Global flags]
     intx CICompilerCount                          = 3                                         {product} {ergonomic}
     uint ConcGCThreads                            = 1                                         {product} {ergonomic}
     uint G1ConcRefinementThreads                  = 4                                         {product} {ergonomic}
   size_t G1HeapRegionSize                         = 1048576                                   {product} {ergonomic}
    uintx GCDrainStackTargetSize                   = 64                                        {product} {ergonomic}
   size_t InitialHeapSize                          = 65011712                                  {product} {ergonomic}
   size_t MarkStackSize                            = 4194304                                   {product} {ergonomic}
   size_t MaxHeapSize                              = 2147483648                                {product} {command line}
   size_t MaxNewSize                               = 1287651328                                {product} {ergonomic}
   size_t MinHeapDeltaBytes                        = 1048576                                   {product} {ergonomic}
    uintx NonNMethodCodeHeapSize                   = 5830732                                {pd product} {ergonomic}
    uintx NonProfiledCodeHeapSize                  = 122913754                              {pd product} {ergonomic}
    uintx ProfiledCodeHeapSize                     = 122913754                              {pd product} {ergonomic}
    uintx ReservedCodeCacheSize                    = 251658240                              {pd product} {ergonomic}
     bool SegmentedCodeCache                       = true                                      {product} {ergonomic}
     bool UseCompressedClassPointers               = true                                 {lp64_product} {ergonomic}
     bool UseCompressedOops                        = true                                 {lp64_product} {ergonomic}
     bool UseG1GC                                  = true                                      {product} {ergonomic}
     bool UseLargePagesIndividualAllocation        = false                                  {pd product} {ergonomic}

Logging:
Log output configuration:
 #0: stdout all=warning uptime,level,tags
 #1: stderr all=off uptime,level,tags

Environment Variables:
PATH=C:\Program Files\Microsoft\jdk-11.0.12.7-hotspot\bin;C:\Program Files\Common Files\Oracle\Java\javapath;C:\Windows\system32;C:\Windows;C:\Windows\System32\Wbem;C:\Windows\System32\WindowsPowerShell\v1.0\;C:\Windows\System32\OpenSSH\;C:\Program Files\Git\cmd;C:\Program Files\MySQL\MySQL Shell 8.0\bin\;C:\Users\shubh\AppData\Local\Programs\Python\Python310\Scripts\;C:\Users\shubh\AppData\Local\Programs\Python\Python310\;C:\Users\shubh\AppData\Local\Microsoft\WindowsApps;C:\Users\shubh\AppData\Local\Programs\Microsoft VS Code\bin;C:\Users\shubh\AppData\Local\GitHubDesktop\bin
USERNAME=shubh
OS=Windows_NT
PROCESSOR_IDENTIFIER=Intel64 Family 6 Model 126 Stepping 5, GenuineIntel



---------------  S Y S T E M  ---------------

OS: Windows 10 , 64 bit Build 19041 (10.0.19041.207)
OS uptime: 7 days 0:35 hours

CPU:total 4 (initial active 4) (2 cores per cpu, 2 threads per core) family 6 model 126 stepping 5 microcode 0xa6, cmov, cx8, fxsr, mmx, sse, sse2, sse3, ssse3, sse4.1, sse4.2, popcnt, avx, avx2, aes, clmul, erms, 3dnowpref, lzcnt, ht, tsc, tscinvbit, bmi1, bmi2, adx, evex, sha, fma

Memory: 4k page, system-wide physical 3863M (83M free)
TotalPageFile size 15639M (AvailPageFile size 3M)
current process WorkingSet (physical memory assigned to process): 161M, peak: 215M
current process commit charge ("private bytes"): 406M, peak: 423M

vm_info: OpenJDK 64-Bit Server VM (11.0.12+7-b1504.28-7817840) for windows-amd64 JRE (11.0.12+7-b1504.28-7817840), built on Oct 13 2021 22:12:33 by "builder" with MS VC++ 14.0 (VS2015)

END.
